<?xml version="1.0" encoding="UTF-8"?>
<coverage generated="1777242967761" clover="3.2.0">
  <project timestamp="1777242967761" name="All files">
    <metrics statements="262" coveredstatements="234" conditionals="189" coveredconditionals="132" methods="92" coveredmethods="84" elements="543" coveredelements="450" complexity="0" loc="262" ncloc="262" packages="6" files="17" classes="17"/>
    <package name="src">
      <metrics statements="22" coveredstatements="22" conditionals="12" coveredconditionals="10" methods="5" coveredmethods="5"/>
      <file name="config.ts" path="/Users/pisan/bitbucket/pisanuw/meet/meetmemobile/src/config.ts">
        <metrics statements="22" coveredstatements="22" conditionals="12" coveredconditionals="10" methods="5" coveredmethods="5"/>
        <line num="1" count="14" type="stmt"/>
        <line num="3" count="14" type="stmt"/>
        <line num="25" count="14" type="stmt"/>
        <line num="43" count="14" type="stmt"/>
        <line num="52" count="14" type="stmt"/>
        <line num="53" count="14" type="stmt"/>
        <line num="57" count="794" type="stmt"/>
        <line num="58" count="794" type="stmt"/>
        <line num="59" count="794" type="stmt"/>
        <line num="60" count="794" type="cond" truecount="2" falsecount="0"/>
        <line num="61" count="794" type="cond" truecount="4" falsecount="0"/>
        <line num="62" count="794" type="stmt"/>
        <line num="67" count="9" type="stmt"/>
        <line num="68" count="9" type="stmt"/>
        <line num="69" count="9" type="stmt"/>
        <line num="70" count="9" type="stmt"/>
        <line num="75" count="18" type="stmt"/>
        <line num="76" count="18" type="cond" truecount="2" falsecount="2"/>
        <line num="81" count="18" type="stmt"/>
        <line num="82" count="18" type="stmt"/>
        <line num="91" count="19" type="cond" truecount="2" falsecount="0"/>
        <line num="92" count="16" type="stmt"/>
      </file>
    </package>
    <package name="src.api">
      <metrics statements="59" coveredstatements="58" conditionals="71" coveredconditionals="42" methods="30" coveredmethods="30"/>
      <file name="auth.ts" path="/Users/pisan/bitbucket/pisanuw/meet/meetmemobile/src/api/auth.ts">
        <metrics statements="13" coveredstatements="13" conditionals="9" coveredconditionals="7" methods="5" coveredmethods="5"/>
        <line num="21" count="2" type="stmt"/>
        <line num="29" count="4" type="stmt"/>
        <line num="30" count="4" type="stmt"/>
        <line num="31" count="2" type="stmt"/>
        <line num="38" count="2" type="cond" truecount="5" falsecount="0"/>
        <line num="39" count="1" type="stmt"/>
        <line num="41" count="1" type="stmt"/>
        <line num="49" count="1" type="stmt"/>
        <line num="57" count="2" type="cond" truecount="1" falsecount="1"/>
        <line num="58" count="2" type="cond" truecount="1" falsecount="1"/>
        <line num="59" count="2" type="stmt"/>
        <line num="60" count="2" type="stmt"/>
        <line num="76" count="1" type="stmt"/>
      </file>
      <file name="client.ts" path="/Users/pisan/bitbucket/pisanuw/meet/meetmemobile/src/api/client.ts">
        <metrics statements="16" coveredstatements="16" conditionals="11" coveredconditionals="9" methods="6" coveredmethods="6"/>
        <line num="20" count="6" type="cond" truecount="2" falsecount="0"/>
        <line num="21" count="6" type="stmt"/>
        <line num="29" count="11" type="stmt"/>
        <line num="31" count="11" type="stmt"/>
        <line num="41" count="10" type="cond" truecount="2" falsecount="0"/>
        <line num="42" count="3" type="stmt"/>
        <line num="43" count="3" type="stmt"/>
        <line num="44" count="3" type="stmt"/>
        <line num="48" count="3" type="stmt"/>
        <line num="52" count="7" type="cond" truecount="2" falsecount="0"/>
        <line num="53" count="1" type="stmt"/>
        <line num="56" count="6" type="stmt"/>
        <line num="62" count="6" type="stmt"/>
        <line num="66" count="3" type="stmt"/>
        <line num="73" count="1" type="stmt"/>
        <line num="80" count="1" type="stmt"/>
      </file>
      <file name="meetings.ts" path="/Users/pisan/bitbucket/pisanuw/meet/meetmemobile/src/api/meetings.ts">
        <metrics statements="30" coveredstatements="29" conditionals="51" coveredconditionals="26" methods="19" coveredmethods="19"/>
        <line num="84" count="6" type="stmt"/>
        <line num="85" count="6" type="stmt"/>
        <line num="86" count="6" type="stmt"/>
        <line num="87" count="6" type="stmt"/>
        <line num="91" count="12" type="cond" truecount="2" falsecount="2"/>
        <line num="92" count="0" type="stmt"/>
        <line num="101" count="12" type="cond" truecount="2" falsecount="0"/>
        <line num="105" count="6" type="stmt"/>
        <line num="119" count="6" type="stmt"/>
        <line num="141" count="5" type="stmt"/>
        <line num="142" count="5" type="stmt"/>
        <line num="143" count="5" type="cond" truecount="1" falsecount="1"/>
        <line num="144" count="1" type="cond" truecount="1" falsecount="1"/>
        <line num="150" count="6" type="stmt"/>
        <line num="151" count="6" type="stmt"/>
        <line num="153" count="6" type="stmt"/>
        <line num="154" count="12" type="stmt"/>
        <line num="155" count="12" type="stmt"/>
        <line num="164" count="6" type="cond" truecount="1" falsecount="1"/>
        <line num="165" count="12" type="stmt"/>
        <line num="166" count="12" type="stmt"/>
        <line num="168" count="6" type="stmt"/>
        <line num="173" count="3" type="stmt"/>
        <line num="182" count="3" type="stmt"/>
        <line num="187" count="1" type="stmt"/>
        <line num="192" count="1" type="stmt"/>
        <line num="202" count="2" type="stmt"/>
        <line num="203" count="2" type="stmt"/>
        <line num="213" count="2" type="stmt"/>
        <line num="223" count="1" type="stmt"/>
      </file>
    </package>
    <package name="src.components">
      <metrics statements="95" coveredstatements="82" conditionals="81" coveredconditionals="69" methods="33" coveredmethods="27"/>
      <file name="AvailabilityGrid.tsx" path="/Users/pisan/bitbucket/pisanuw/meet/meetmemobile/src/components/AvailabilityGrid.tsx">
        <metrics statements="30" coveredstatements="18" conditionals="16" coveredconditionals="11" methods="12" coveredmethods="7"/>
        <line num="21" count="1" type="stmt"/>
        <line num="22" count="1" type="stmt"/>
        <line num="23" count="1" type="stmt"/>
        <line num="26" count="2" type="stmt"/>
        <line num="30" count="0" type="stmt"/>
        <line num="31" count="0" type="stmt"/>
        <line num="32" count="0" type="stmt"/>
        <line num="44" count="6" type="stmt"/>
        <line num="46" count="6" type="stmt"/>
        <line num="48" count="0" type="stmt"/>
        <line num="49" count="0" type="stmt"/>
        <line num="50" count="0" type="stmt"/>
        <line num="51" count="0" type="cond" truecount="0" falsecount="2"/>
        <line num="52" count="0" type="stmt"/>
        <line num="54" count="0" type="stmt"/>
        <line num="56" count="0" type="stmt"/>
        <line num="57" count="0" type="stmt"/>
        <line num="63" count="6" type="stmt"/>
        <line num="65" count="6" type="stmt"/>
        <line num="74" count="120" type="stmt"/>
        <line num="75" count="120" type="cond" truecount="2" falsecount="0"/>
        <line num="76" count="30" type="stmt"/>
        <line num="94" count="6" type="stmt"/>
        <line num="102" count="120" type="stmt"/>
        <line num="103" count="120" type="stmt"/>
        <line num="104" count="120" type="stmt"/>
        <line num="105" count="120" type="stmt"/>
        <line num="107" count="120" type="stmt"/>
        <line num="110" count="0" type="stmt"/>
        <line num="136" count="1" type="stmt"/>
      </file>
      <file name="Button.tsx" path="/Users/pisan/bitbucket/pisanuw/meet/meetmemobile/src/components/Button.tsx">
        <metrics statements="3" coveredstatements="3" conditionals="14" coveredconditionals="12" methods="1" coveredmethods="1"/>
        <line num="37" count="15" type="cond" truecount="2" falsecount="0"/>
        <line num="39" count="15" type="stmt"/>
        <line num="69" count="1" type="stmt"/>
      </file>
      <file name="Card.tsx" path="/Users/pisan/bitbucket/pisanuw/meet/meetmemobile/src/components/Card.tsx">
        <metrics statements="2" coveredstatements="2" conditionals="0" coveredconditionals="0" methods="1" coveredmethods="1"/>
        <line num="12" count="339" type="stmt"/>
        <line num="19" count="5" type="stmt"/>
      </file>
      <file name="FlashMessage.tsx" path="/Users/pisan/bitbucket/pisanuw/meet/meetmemobile/src/components/FlashMessage.tsx">
        <metrics statements="13" coveredstatements="13" conditionals="4" coveredconditionals="3" methods="5" coveredmethods="5"/>
        <line num="16" count="1" type="stmt"/>
        <line num="22" count="1" type="stmt"/>
        <line num="34" count="4" type="stmt"/>
        <line num="36" count="4" type="stmt"/>
        <line num="37" count="4" type="stmt"/>
        <line num="43" count="4" type="cond" truecount="1" falsecount="1"/>
        <line num="44" count="4" type="stmt"/>
        <line num="45" count="1" type="stmt"/>
        <line num="49" count="1" type="stmt"/>
        <line num="51" count="4" type="stmt"/>
        <line num="55" count="4" type="stmt"/>
        <line num="57" count="4" type="stmt"/>
        <line num="65" count="1" type="stmt"/>
      </file>
      <file name="HeatmapGrid.tsx" path="/Users/pisan/bitbucket/pisanuw/meet/meetmemobile/src/components/HeatmapGrid.tsx">
        <metrics statements="38" coveredstatements="37" conditionals="22" coveredconditionals="20" methods="12" coveredmethods="11"/>
        <line num="19" count="625" type="cond" truecount="2" falsecount="0"/>
        <line num="20" count="125" type="cond" truecount="2" falsecount="0"/>
        <line num="21" count="100" type="cond" truecount="2" falsecount="0"/>
        <line num="22" count="50" type="cond" truecount="2" falsecount="0"/>
        <line num="23" count="25" type="stmt"/>
        <line num="28" count="12" type="stmt"/>
        <line num="29" count="12" type="stmt"/>
        <line num="30" count="24" type="stmt"/>
        <line num="31" count="12" type="stmt"/>
        <line num="32" count="12" type="cond" truecount="2" falsecount="0"/>
        <line num="35" count="12" type="stmt"/>
        <line num="40" count="12" type="stmt"/>
        <line num="41" count="12" type="stmt"/>
        <line num="42" count="240" type="cond" truecount="2" falsecount="0"/>
        <line num="43" count="60" type="stmt"/>
        <line num="46" count="12" type="stmt"/>
        <line num="49" count="1" type="stmt"/>
        <line num="50" count="1" type="stmt"/>
        <line num="51" count="1" type="stmt"/>
        <line num="54" count="25" type="stmt"/>
        <line num="55" count="25" type="stmt"/>
        <line num="56" count="50" type="cond" truecount="2" falsecount="0"/>
        <line num="58" count="25" type="stmt"/>
        <line num="59" count="25" type="stmt"/>
        <line num="60" count="12" type="stmt"/>
        <line num="64" count="25" type="stmt"/>
        <line num="66" count="25" type="stmt"/>
        <line num="77" count="125" type="stmt"/>
        <line num="88" count="25" type="stmt"/>
        <line num="98" count="500" type="stmt"/>
        <line num="99" count="500" type="cond" truecount="2" falsecount="0"/>
        <line num="100" count="500" type="cond" truecount="1" falsecount="1"/>
        <line num="101" count="500" type="stmt"/>
        <line num="102" count="500" type="stmt"/>
        <line num="104" count="500" type="stmt"/>
        <line num="107" count="0" type="stmt"/>
        <line num="126" count="125" type="stmt"/>
        <line num="137" count="1" type="stmt"/>
      </file>
      <file name="LoadingScreen.tsx" path="/Users/pisan/bitbucket/pisanuw/meet/meetmemobile/src/components/LoadingScreen.tsx">
        <metrics statements="2" coveredstatements="2" conditionals="2" coveredconditionals="2" methods="1" coveredmethods="1"/>
        <line num="10" count="3" type="stmt"/>
        <line num="18" count="1" type="stmt"/>
      </file>
      <file name="MeetingCard.tsx" path="/Users/pisan/bitbucket/pisanuw/meet/meetmemobile/src/components/MeetingCard.tsx">
        <metrics statements="7" coveredstatements="7" conditionals="23" coveredconditionals="21" methods="1" coveredmethods="1"/>
        <line num="14" count="11" type="stmt"/>
        <line num="16" count="11" type="cond" truecount="1" falsecount="1"/>
        <line num="20" count="11" type="stmt"/>
        <line num="21" count="11" type="cond" truecount="1" falsecount="1"/>
        <line num="22" count="11" type="cond" truecount="2" falsecount="0"/>
        <line num="24" count="11" type="stmt"/>
        <line num="79" count="2" type="stmt"/>
      </file>
    </package>
    <package name="src.context">
      <metrics statements="28" coveredstatements="28" conditionals="2" coveredconditionals="2" methods="7" coveredmethods="7"/>
      <file name="AuthContext.tsx" path="/Users/pisan/bitbucket/pisanuw/meet/meetmemobile/src/context/AuthContext.tsx">
        <metrics statements="28" coveredstatements="28" conditionals="2" coveredconditionals="2" methods="7" coveredmethods="7"/>
        <line num="20" count="3" type="stmt"/>
        <line num="23" count="50" type="stmt"/>
        <line num="24" count="50" type="stmt"/>
        <line num="26" count="50" type="stmt"/>
        <line num="27" count="5" type="stmt"/>
        <line num="28" count="5" type="stmt"/>
        <line num="29" count="4" type="stmt"/>
        <line num="34" count="1" type="stmt"/>
        <line num="41" count="50" type="stmt"/>
        <line num="42" count="17" type="stmt"/>
        <line num="43" count="17" type="stmt"/>
        <line num="44" count="17" type="stmt"/>
        <line num="45" count="17" type="stmt"/>
        <line num="46" count="15" type="stmt"/>
        <line num="49" count="2" type="stmt"/>
        <line num="51" count="17" type="stmt"/>
        <line num="56" count="50" type="stmt"/>
        <line num="57" count="4" type="stmt"/>
        <line num="58" count="4" type="stmt"/>
        <line num="62" count="4" type="stmt"/>
        <line num="65" count="50" type="stmt"/>
        <line num="66" count="2" type="stmt"/>
        <line num="69" count="50" type="stmt"/>
        <line num="78" count="50" type="stmt"/>
        <line num="82" count="52" type="stmt"/>
        <line num="83" count="52" type="cond" truecount="2" falsecount="0"/>
        <line num="84" count="2" type="stmt"/>
        <line num="86" count="50" type="stmt"/>
      </file>
    </package>
    <package name="src.hooks">
      <metrics statements="44" coveredstatements="44" conditionals="11" coveredconditionals="9" methods="15" coveredmethods="15"/>
      <file name="useDeepLinkHandler.ts" path="/Users/pisan/bitbucket/pisanuw/meet/meetmemobile/src/hooks/useDeepLinkHandler.ts">
        <metrics statements="9" coveredstatements="9" conditionals="4" coveredconditionals="4" methods="6" coveredmethods="6"/>
        <line num="18" count="7" type="stmt"/>
        <line num="20" count="7" type="stmt"/>
        <line num="22" count="7" type="stmt"/>
        <line num="23" count="3" type="stmt"/>
        <line num="27" count="7" type="stmt"/>
        <line num="28" count="7" type="cond" truecount="2" falsecount="0"/>
        <line num="31" count="7" type="stmt"/>
        <line num="37" count="4" type="cond" truecount="2" falsecount="0"/>
        <line num="38" count="2" type="stmt"/>
      </file>
      <file name="useFlash.ts" path="/Users/pisan/bitbucket/pisanuw/meet/meetmemobile/src/hooks/useFlash.ts">
        <metrics statements="6" coveredstatements="6" conditionals="1" coveredconditionals="1" methods="3" coveredmethods="3"/>
        <line num="17" count="136" type="stmt"/>
        <line num="19" count="134" type="cond" truecount="1" falsecount="0"/>
        <line num="20" count="17" type="stmt"/>
        <line num="23" count="134" type="stmt"/>
        <line num="24" count="1" type="stmt"/>
        <line num="27" count="134" type="stmt"/>
      </file>
      <file name="useMeeting.ts" path="/Users/pisan/bitbucket/pisanuw/meet/meetmemobile/src/hooks/useMeeting.ts">
        <metrics statements="15" coveredstatements="15" conditionals="4" coveredconditionals="3" methods="3" coveredmethods="3"/>
        <line num="13" count="7" type="stmt"/>
        <line num="14" count="7" type="stmt"/>
        <line num="15" count="7" type="stmt"/>
        <line num="17" count="7" type="stmt"/>
        <line num="18" count="3" type="cond" truecount="2" falsecount="0"/>
        <line num="19" count="2" type="stmt"/>
        <line num="20" count="2" type="stmt"/>
        <line num="21" count="2" type="stmt"/>
        <line num="22" count="2" type="stmt"/>
        <line num="23" count="1" type="stmt"/>
        <line num="25" count="1" type="cond" truecount="1" falsecount="1"/>
        <line num="27" count="2" type="stmt"/>
        <line num="31" count="7" type="stmt"/>
        <line num="32" count="3" type="stmt"/>
        <line num="35" count="7" type="stmt"/>
      </file>
      <file name="useMeetings.ts" path="/Users/pisan/bitbucket/pisanuw/meet/meetmemobile/src/hooks/useMeetings.ts">
        <metrics statements="14" coveredstatements="14" conditionals="2" coveredconditionals="1" methods="3" coveredmethods="3"/>
        <line num="13" count="12" type="stmt"/>
        <line num="14" count="12" type="stmt"/>
        <line num="15" count="12" type="stmt"/>
        <line num="17" count="12" type="stmt"/>
        <line num="18" count="4" type="stmt"/>
        <line num="19" count="4" type="stmt"/>
        <line num="20" count="4" type="stmt"/>
        <line num="21" count="4" type="stmt"/>
        <line num="22" count="3" type="stmt"/>
        <line num="24" count="1" type="cond" truecount="1" falsecount="1"/>
        <line num="26" count="4" type="stmt"/>
        <line num="30" count="12" type="stmt"/>
        <line num="31" count="3" type="stmt"/>
        <line num="34" count="12" type="stmt"/>
      </file>
    </package>
    <package name="src.navigation">
      <metrics statements="14" coveredstatements="0" conditionals="12" coveredconditionals="0" methods="2" coveredmethods="0"/>
      <file name="RootNavigator.tsx" path="/Users/pisan/bitbucket/pisanuw/meet/meetmemobile/src/navigation/RootNavigator.tsx">
        <metrics statements="14" coveredstatements="0" conditionals="12" coveredconditionals="0" methods="2" coveredmethods="0"/>
        <line num="13" count="0" type="stmt"/>
        <line num="14" count="0" type="stmt"/>
        <line num="15" count="0" type="stmt"/>
        <line num="17" count="0" type="stmt"/>
        <line num="18" count="0" type="cond" truecount="0" falsecount="2"/>
        <line num="20" count="0" type="stmt"/>
        <line num="22" count="0" type="cond" truecount="0" falsecount="4"/>
        <line num="23" count="0" type="stmt"/>
        <line num="24" count="0" type="cond" truecount="0" falsecount="4"/>
        <line num="25" count="0" type="stmt"/>
        <line num="29" count="0" type="cond" truecount="0" falsecount="2"/>
        <line num="30" count="0" type="stmt"/>
        <line num="37" count="0" type="stmt"/>
        <line num="45" count="0" type="stmt"/>
      </file>
    </package>
  </project>
</coverage>
