{"/Users/pisan/bitbucket/pisanuw/meet/meetmemobile/src/config.ts": {"path":"/Users/pisan/bitbucket/pisanuw/meet/meetmemobile/src/config.ts","statementMap":{"0":{"start":{"line":5,"column":2},"end":{"line":6,"column":27}},"1":{"start":{"line":8,"column":22},"end":{"line":28,"column":10}},"2":{"start":{"line":30,"column":26},"end":{"line":46,"column":10}},"3":{"start":{"line":48,"column":23},"end":{"line":55,"column":10}},"4":{"start":{"line":57,"column":28},"end":{"line":57,"column":30}},"5":{"start":{"line":58,"column":30},"end":{"line":58,"column":31}},"6":{"start":{"line":59,"column":29},"end":{"line":59,"column":31}},"7":{"start":{"line":63,"column":23},"end":{"line":63,"column":42}},"8":{"start":{"line":64,"column":16},"end":{"line":64,"column":45}},"9":{"start":{"line":65,"column":18},"end":{"line":65,"column":35}},"10":{"start":{"line":66,"column":17},"end":{"line":66,"column":41}},"11":{"start":{"line":67,"column":22},"end":{"line":67,"column":72}},"12":{"start":{"line":68,"column":2},"end":{"line":68,"column":75}},"13":{"start":{"line":73,"column":23},"end":{"line":73,"column":42}},"14":{"start":{"line":74,"column":16},"end":{"line":74,"column":45}},"15":{"start":{"line":75,"column":18},"end":{"line":75,"column":35}},"16":{"start":{"line":76,"column":2},"end":{"line":76,"column":87}},"17":{"start":{"line":81,"column":16},"end":{"line":81,"column":31}},"18":{"start":{"line":82,"column":2},"end":{"line":85,"column":3}},"19":{"start":{"line":83,"column":4},"end":{"line":83,"column":63}},"20":{"start":{"line":84,"column":4},"end":{"line":84,"column":13}},"21":{"start":{"line":86,"column":12},"end":{"line":86,"column":28}},"22":{"start":{"line":87,"column":12},"end":{"line":87,"column":28}},"23":{"start":{"line":88,"column":2},"end":{"line":91,"column":3}},"24":{"start":{"line":89,"column":4},"end":{"line":89,"column":66}},"25":{"start":{"line":90,"column":4},"end":{"line":90,"column":13}},"26":{"start":{"line":92,"column":2},"end":{"line":92,"column":49}},"27":{"start":{"line":97,"column":12},"end":{"line":97,"column":43}},"28":{"start":{"line":98,"column":2},"end":{"line":102,"column":5}},"29":{"start":{"line":107,"column":2},"end":{"line":107,"column":37}},"30":{"start":{"line":107,"column":25},"end":{"line":107,"column":37}},"31":{"start":{"line":108,"column":2},"end":{"line":108,"column":26}}},"fnMap":{"0":{"name":"slotToTime","decl":{"start":{"line":62,"column":16},"end":{"line":62,"column":26}},"loc":{"start":{"line":62,"column":49},"end":{"line":69,"column":1}},"line":62},"1":{"name":"slotToTimeStr","decl":{"start":{"line":72,"column":16},"end":{"line":72,"column":29}},"loc":{"start":{"line":72,"column":52},"end":{"line":77,"column":1}},"line":72},"2":{"name":"timeStrToSlot","decl":{"start":{"line":80,"column":16},"end":{"line":80,"column":29}},"loc":{"start":{"line":80,"column":52},"end":{"line":93,"column":1}},"line":80},"3":{"name":"formatDate","decl":{"start":{"line":96,"column":16},"end":{"line":96,"column":26}},"loc":{"start":{"line":96,"column":52},"end":{"line":103,"column":1}},"line":96},"4":{"name":"getDateLabel","decl":{"start":{"line":106,"column":16},"end":{"line":106,"column":28}},"loc":{"start":{"line":106,"column":80},"end":{"line":109,"column":1}},"line":106}},"branchMap":{"0":{"loc":{"start":{"line":5,"column":2},"end":{"line":6,"column":27}},"type":"binary-expr","locations":[{"start":{"line":5,"column":3},"end":{"line":5,"column":64}},{"start":{"line":6,"column":2},"end":{"line":6,"column":27}}],"line":5},"1":{"loc":{"start":{"line":66,"column":17},"end":{"line":66,"column":41}},"type":"cond-expr","locations":[{"start":{"line":66,"column":30},"end":{"line":66,"column":34}},{"start":{"line":66,"column":37},"end":{"line":66,"column":41}}],"line":66},"2":{"loc":{"start":{"line":67,"column":22},"end":{"line":67,"column":72}},"type":"cond-expr","locations":[{"start":{"line":67,"column":36},"end":{"line":67,"column":38}},{"start":{"line":67,"column":41},"end":{"line":67,"column":72}}],"line":67},"3":{"loc":{"start":{"line":67,"column":41},"end":{"line":67,"column":72}},"type":"cond-expr","locations":[{"start":{"line":67,"column":54},"end":{"line":67,"column":64}},{"start":{"line":67,"column":67},"end":{"line":67,"column":72}}],"line":67},"4":{"loc":{"start":{"line":82,"column":2},"end":{"line":85,"column":3}},"type":"if","locations":[{"start":{"line":82,"column":2},"end":{"line":85,"column":3}},{"start":{},"end":{}}],"line":82},"5":{"loc":{"start":{"line":88,"column":2},"end":{"line":91,"column":3}},"type":"if","locations":[{"start":{"line":88,"column":2},"end":{"line":91,"column":3}},{"start":{},"end":{}}],"line":88},"6":{"loc":{"start":{"line":88,"column":6},"end":{"line":88,"column":26}},"type":"binary-expr","locations":[{"start":{"line":88,"column":6},"end":{"line":88,"column":14}},{"start":{"line":88,"column":18},"end":{"line":88,"column":26}}],"line":88},"7":{"loc":{"start":{"line":107,"column":2},"end":{"line":107,"column":37}},"type":"if","locations":[{"start":{"line":107,"column":2},"end":{"line":107,"column":37}},{"start":{},"end":{}}],"line":107}},"s":{"0":16,"1":16,"2":16,"3":16,"4":16,"5":16,"6":16,"7":902,"8":902,"9":902,"10":902,"11":902,"12":902,"13":9,"14":9,"15":9,"16":9,"17":18,"18":18,"19":0,"20":0,"21":18,"22":18,"23":18,"24":0,"25":0,"26":18,"27":18,"28":18,"29":19,"30":3,"31":16},"f":{"0":902,"1":9,"2":18,"3":18,"4":19},"b":{"0":[16,16],"1":[719,183],"2":[1,901],"3":[40,861],"4":[0,18],"5":[0,18],"6":[18,18],"7":[3,16]},"_coverageSchema":"1a1c01bbd47fc00a2c39e90264f33305004495a9","hash":"75bea1548dfd9206ac13e953691a3c6ad6990778"}
,"/Users/pisan/bitbucket/pisanuw/meet/meetmemobile/src/api/auth.ts": {"path":"/Users/pisan/bitbucket/pisanuw/meet/meetmemobile/src/api/auth.ts","statementMap":{"0":{"start":{"line":21,"column":2},"end":{"line":21,"column":86}},"1":{"start":{"line":29,"column":2},"end":{"line":42,"column":3}},"2":{"start":{"line":30,"column":16},"end":{"line":30,"column":56}},"3":{"start":{"line":31,"column":4},"end":{"line":36,"column":6}},"4":{"start":{"line":38,"column":4},"end":{"line":40,"column":5}},"5":{"start":{"line":39,"column":6},"end":{"line":39,"column":18}},"6":{"start":{"line":41,"column":4},"end":{"line":41,"column":14}},"7":{"start":{"line":49,"column":2},"end":{"line":49,"column":40}},"8":{"start":{"line":57,"column":16},"end":{"line":57,"column":56}},"9":{"start":{"line":58,"column":21},"end":{"line":58,"column":35}},"10":{"start":{"line":59,"column":20},"end":{"line":59,"column":44}},"11":{"start":{"line":60,"column":2},"end":{"line":64,"column":5}},"12":{"start":{"line":76,"column":2},"end":{"line":76,"column":78}}},"fnMap":{"0":{"name":"sendMagicLink","decl":{"start":{"line":20,"column":22},"end":{"line":20,"column":35}},"loc":{"start":{"line":20,"column":79},"end":{"line":22,"column":1}},"line":20},"1":{"name":"getMe","decl":{"start":{"line":28,"column":22},"end":{"line":28,"column":27}},"loc":{"start":{"line":28,"column":52},"end":{"line":43,"column":1}},"line":28},"2":{"name":"logout","decl":{"start":{"line":48,"column":22},"end":{"line":48,"column":28}},"loc":{"start":{"line":48,"column":46},"end":{"line":50,"column":1}},"line":48},"3":{"name":"updateProfile","decl":{"start":{"line":56,"column":22},"end":{"line":56,"column":35}},"loc":{"start":{"line":56,"column":82},"end":{"line":65,"column":1}},"line":56},"4":{"name":"submitFeedback","decl":{"start":{"line":71,"column":22},"end":{"line":71,"column":36}},"loc":{"start":{"line":75,"column":17},"end":{"line":77,"column":1}},"line":75}},"branchMap":{"0":{"loc":{"start":{"line":38,"column":4},"end":{"line":40,"column":5}},"type":"if","locations":[{"start":{"line":38,"column":4},"end":{"line":40,"column":5}},{"start":{},"end":{}}],"line":38},"1":{"loc":{"start":{"line":38,"column":8},"end":{"line":38,"column":93}},"type":"binary-expr","locations":[{"start":{"line":38,"column":8},"end":{"line":38,"column":28}},{"start":{"line":38,"column":32},"end":{"line":38,"column":47}},{"start":{"line":38,"column":51},"end":{"line":38,"column":93}}],"line":38},"2":{"loc":{"start":{"line":57,"column":17},"end":{"line":57,"column":35}},"type":"binary-expr","locations":[{"start":{"line":57,"column":17},"end":{"line":57,"column":29}},{"start":{"line":57,"column":33},"end":{"line":57,"column":35}}],"line":57},"3":{"loc":{"start":{"line":58,"column":21},"end":{"line":58,"column":35}},"type":"binary-expr","locations":[{"start":{"line":58,"column":21},"end":{"line":58,"column":29}},{"start":{"line":58,"column":33},"end":{"line":58,"column":35}}],"line":58}},"s":{"0":2,"1":4,"2":4,"3":2,"4":2,"5":1,"6":1,"7":1,"8":2,"9":2,"10":2,"11":2,"12":1},"f":{"0":2,"1":4,"2":1,"3":2,"4":1},"b":{"0":[1,1],"1":[2,2,2],"2":[2,0],"3":[2,0]},"_coverageSchema":"1a1c01bbd47fc00a2c39e90264f33305004495a9","hash":"05952eb889aaa9abfc678e39af292fb049ca47d8"}
,"/Users/pisan/bitbucket/pisanuw/meet/meetmemobile/src/api/client.ts": {"path":"/Users/pisan/bitbucket/pisanuw/meet/meetmemobile/src/api/client.ts","statementMap":{"0":{"start":{"line":20,"column":4},"end":{"line":20,"column":42}},"1":{"start":{"line":21,"column":4},"end":{"line":21,"column":33}},"2":{"start":{"line":29,"column":14},"end":{"line":29,"column":38}},"3":{"start":{"line":31,"column":19},"end":{"line":39,"column":4}},"4":{"start":{"line":41,"column":2},"end":{"line":49,"column":3}},"5":{"start":{"line":42,"column":25},"end":{"line":42,"column":61}},"6":{"start":{"line":43,"column":4},"end":{"line":47,"column":5}},"7":{"start":{"line":44,"column":6},"end":{"line":44,"column":35}},"8":{"start":{"line":48,"column":4},"end":{"line":48,"column":52}},"9":{"start":{"line":52,"column":2},"end":{"line":54,"column":3}},"10":{"start":{"line":53,"column":4},"end":{"line":53,"column":37}},"11":{"start":{"line":56,"column":2},"end":{"line":56,"column":39}},"12":{"start":{"line":62,"column":2},"end":{"line":62,"column":54}},"13":{"start":{"line":66,"column":2},"end":{"line":69,"column":5}},"14":{"start":{"line":73,"column":2},"end":{"line":76,"column":5}},"15":{"start":{"line":80,"column":2},"end":{"line":80,"column":48}}},"fnMap":{"0":{"name":"(anonymous_0)","decl":{"start":{"line":16,"column":2},"end":{"line":16,"column":3}},"loc":{"start":{"line":19,"column":4},"end":{"line":22,"column":3}},"line":19},"1":{"name":"request","decl":{"start":{"line":25,"column":15},"end":{"line":25,"column":22}},"loc":{"start":{"line":28,"column":14},"end":{"line":57,"column":1}},"line":28},"2":{"name":"get","decl":{"start":{"line":61,"column":16},"end":{"line":61,"column":19}},"loc":{"start":{"line":61,"column":72},"end":{"line":63,"column":1}},"line":61},"3":{"name":"post","decl":{"start":{"line":65,"column":16},"end":{"line":65,"column":20}},"loc":{"start":{"line":65,"column":66},"end":{"line":70,"column":1}},"line":65},"4":{"name":"patch","decl":{"start":{"line":72,"column":16},"end":{"line":72,"column":21}},"loc":{"start":{"line":72,"column":67},"end":{"line":77,"column":1}},"line":72},"5":{"name":"del","decl":{"start":{"line":79,"column":16},"end":{"line":79,"column":19}},"loc":{"start":{"line":79,"column":49},"end":{"line":81,"column":1}},"line":79}},"branchMap":{"0":{"loc":{"start":{"line":20,"column":10},"end":{"line":20,"column":40}},"type":"binary-expr","locations":[{"start":{"line":20,"column":10},"end":{"line":20,"column":20}},{"start":{"line":20,"column":24},"end":{"line":20,"column":40}}],"line":20},"1":{"loc":{"start":{"line":27,"column":2},"end":{"line":27,"column":27}},"type":"default-arg","locations":[{"start":{"line":27,"column":25},"end":{"line":27,"column":27}}],"line":27},"2":{"loc":{"start":{"line":41,"column":2},"end":{"line":49,"column":3}},"type":"if","locations":[{"start":{"line":41,"column":2},"end":{"line":49,"column":3}},{"start":{},"end":{}}],"line":41},"3":{"loc":{"start":{"line":52,"column":2},"end":{"line":54,"column":3}},"type":"if","locations":[{"start":{"line":52,"column":2},"end":{"line":54,"column":3}},{"start":{},"end":{}}],"line":52},"4":{"loc":{"start":{"line":68,"column":10},"end":{"line":68,"column":63}},"type":"cond-expr","locations":[{"start":{"line":68,"column":31},"end":{"line":68,"column":51}},{"start":{"line":68,"column":54},"end":{"line":68,"column":63}}],"line":68},"5":{"loc":{"start":{"line":75,"column":10},"end":{"line":75,"column":63}},"type":"cond-expr","locations":[{"start":{"line":75,"column":31},"end":{"line":75,"column":51}},{"start":{"line":75,"column":54},"end":{"line":75,"column":63}}],"line":75}},"s":{"0":6,"1":6,"2":11,"3":11,"4":10,"5":3,"6":3,"7":3,"8":3,"9":7,"10":1,"11":6,"12":6,"13":3,"14":1,"15":1},"f":{"0":6,"1":11,"2":6,"3":3,"4":1,"5":1},"b":{"0":[6,1],"1":[0],"2":[3,7],"3":[1,6],"4":[1,2],"5":[1,0]},"_coverageSchema":"1a1c01bbd47fc00a2c39e90264f33305004495a9","hash":"628a60b3c59f9345e1fc23dc011d8096eda1d6fe"}
,"/Users/pisan/bitbucket/pisanuw/meet/meetmemobile/src/api/meetings.ts": {"path":"/Users/pisan/bitbucket/pisanuw/meet/meetmemobile/src/api/meetings.ts","statementMap":{"0":{"start":{"line":84,"column":14},"end":{"line":84,"column":38}},"1":{"start":{"line":85,"column":2},"end":{"line":88,"column":3}},"2":{"start":{"line":86,"column":4},"end":{"line":86,"column":68}},"3":{"start":{"line":87,"column":4},"end":{"line":87,"column":38}},"4":{"start":{"line":89,"column":15},"end":{"line":89,"column":36}},"5":{"start":{"line":90,"column":15},"end":{"line":90,"column":37}},"6":{"start":{"line":91,"column":2},"end":{"line":91,"column":45}},"7":{"start":{"line":95,"column":2},"end":{"line":95,"column":56}},"8":{"start":{"line":95,"column":44},"end":{"line":95,"column":56}},"9":{"start":{"line":96,"column":2},"end":{"line":101,"column":4}},"10":{"start":{"line":105,"column":2},"end":{"line":105,"column":64}},"11":{"start":{"line":109,"column":2},"end":{"line":119,"column":4}},"12":{"start":{"line":123,"column":2},"end":{"line":138,"column":4}},"13":{"start":{"line":145,"column":14},"end":{"line":145,"column":57}},"14":{"start":{"line":146,"column":2},"end":{"line":149,"column":4}},"15":{"start":{"line":147,"column":49},"end":{"line":147,"column":74}},"16":{"start":{"line":148,"column":59},"end":{"line":148,"column":84}},"17":{"start":{"line":154,"column":19},"end":{"line":154,"column":77}},"18":{"start":{"line":155,"column":71},"end":{"line":155,"column":79}},"19":{"start":{"line":158,"column":24},"end":{"line":162,"column":3}},"20":{"start":{"line":160,"column":61},"end":{"line":160,"column":72}},"21":{"start":{"line":161,"column":18},"end":{"line":161,"column":34}},"22":{"start":{"line":164,"column":50},"end":{"line":173,"column":4}},"23":{"start":{"line":165,"column":19},"end":{"line":165,"column":67}},"24":{"start":{"line":166,"column":4},"end":{"line":172,"column":6}},"25":{"start":{"line":175,"column":24},"end":{"line":177,"column":36}},"26":{"start":{"line":176,"column":18},"end":{"line":176,"column":27}},"27":{"start":{"line":177,"column":32},"end":{"line":177,"column":35}},"28":{"start":{"line":179,"column":2},"end":{"line":179,"column":54}},"29":{"start":{"line":184,"column":14},"end":{"line":192,"column":4}},"30":{"start":{"line":193,"column":2},"end":{"line":193,"column":32}},"31":{"start":{"line":198,"column":2},"end":{"line":198,"column":50}},"32":{"start":{"line":203,"column":2},"end":{"line":203,"column":49}},"33":{"start":{"line":213,"column":16},"end":{"line":213,"column":76}},"34":{"start":{"line":213,"column":39},"end":{"line":213,"column":75}},"35":{"start":{"line":214,"column":2},"end":{"line":214,"column":74}},"36":{"start":{"line":224,"column":2},"end":{"line":229,"column":5}},"37":{"start":{"line":234,"column":2},"end":{"line":234,"column":65}}},"fnMap":{"0":{"name":"parseSlotString","decl":{"start":{"line":83,"column":9},"end":{"line":83,"column":24}},"loc":{"start":{"line":83,"column":52},"end":{"line":92,"column":1}},"line":83},"1":{"name":"buildFinalizedSlot","decl":{"start":{"line":94,"column":9},"end":{"line":94,"column":27}},"loc":{"start":{"line":94,"column":65},"end":{"line":102,"column":1}},"line":94},"2":{"name":"mapScheduleMode","decl":{"start":{"line":104,"column":9},"end":{"line":104,"column":24}},"loc":{"start":{"line":104,"column":69},"end":{"line":106,"column":1}},"line":104},"3":{"name":"mapListItem","decl":{"start":{"line":108,"column":9},"end":{"line":108,"column":20}},"loc":{"start":{"line":108,"column":85},"end":{"line":120,"column":1}},"line":108},"4":{"name":"mapMeeting","decl":{"start":{"line":122,"column":9},"end":{"line":122,"column":19}},"loc":{"start":{"line":122,"column":112},"end":{"line":139,"column":1}},"line":122},"5":{"name":"listMeetings","decl":{"start":{"line":144,"column":22},"end":{"line":144,"column":34}},"loc":{"start":{"line":144,"column":68},"end":{"line":150,"column":1}},"line":144},"6":{"name":"(anonymous_6)","decl":{"start":{"line":147,"column":44},"end":{"line":147,"column":45}},"loc":{"start":{"line":147,"column":49},"end":{"line":147,"column":74}},"line":147},"7":{"name":"(anonymous_7)","decl":{"start":{"line":148,"column":54},"end":{"line":148,"column":55}},"loc":{"start":{"line":148,"column":59},"end":{"line":148,"column":84}},"line":148},"8":{"name":"getMeeting","decl":{"start":{"line":153,"column":22},"end":{"line":153,"column":32}},"loc":{"start":{"line":153,"column":63},"end":{"line":180,"column":1}},"line":153},"9":{"name":"(anonymous_9)","decl":{"start":{"line":160,"column":14},"end":{"line":160,"column":15}},"loc":{"start":{"line":160,"column":61},"end":{"line":160,"column":72}},"line":160},"10":{"name":"(anonymous_10)","decl":{"start":{"line":161,"column":11},"end":{"line":161,"column":12}},"loc":{"start":{"line":161,"column":18},"end":{"line":161,"column":34}},"line":161},"11":{"name":"(anonymous_11)","decl":{"start":{"line":164,"column":70},"end":{"line":164,"column":71}},"loc":{"start":{"line":164,"column":75},"end":{"line":173,"column":3}},"line":164},"12":{"name":"(anonymous_12)","decl":{"start":{"line":176,"column":9},"end":{"line":176,"column":10}},"loc":{"start":{"line":176,"column":18},"end":{"line":176,"column":27}},"line":176},"13":{"name":"(anonymous_13)","decl":{"start":{"line":177,"column":12},"end":{"line":177,"column":13}},"loc":{"start":{"line":177,"column":32},"end":{"line":177,"column":35}},"line":177},"14":{"name":"createMeeting","decl":{"start":{"line":183,"column":22},"end":{"line":183,"column":35}},"loc":{"start":{"line":183,"column":97},"end":{"line":194,"column":1}},"line":183},"15":{"name":"deleteMeeting","decl":{"start":{"line":197,"column":22},"end":{"line":197,"column":35}},"loc":{"start":{"line":197,"column":63},"end":{"line":199,"column":1}},"line":197},"16":{"name":"leaveMeeting","decl":{"start":{"line":202,"column":22},"end":{"line":202,"column":34}},"loc":{"start":{"line":202,"column":62},"end":{"line":204,"column":1}},"line":202},"17":{"name":"submitAvailability","decl":{"start":{"line":209,"column":22},"end":{"line":209,"column":40}},"loc":{"start":{"line":212,"column":17},"end":{"line":215,"column":1}},"line":212},"18":{"name":"(anonymous_18)","decl":{"start":{"line":213,"column":34},"end":{"line":213,"column":35}},"loc":{"start":{"line":213,"column":39},"end":{"line":213,"column":75}},"line":213},"19":{"name":"finalizeMeeting","decl":{"start":{"line":220,"column":22},"end":{"line":220,"column":37}},"loc":{"start":{"line":223,"column":17},"end":{"line":230,"column":1}},"line":223},"20":{"name":"sendReminders","decl":{"start":{"line":233,"column":22},"end":{"line":233,"column":35}},"loc":{"start":{"line":233,"column":70},"end":{"line":235,"column":1}},"line":233}},"branchMap":{"0":{"loc":{"start":{"line":85,"column":2},"end":{"line":88,"column":3}},"type":"if","locations":[{"start":{"line":85,"column":2},"end":{"line":88,"column":3}},{"start":{},"end":{}}],"line":85},"1":{"loc":{"start":{"line":95,"column":2},"end":{"line":95,"column":56}},"type":"if","locations":[{"start":{"line":95,"column":2},"end":{"line":95,"column":56}},{"start":{},"end":{}}],"line":95},"2":{"loc":{"start":{"line":95,"column":6},"end":{"line":95,"column":42}},"type":"binary-expr","locations":[{"start":{"line":95,"column":6},"end":{"line":95,"column":21}},{"start":{"line":95,"column":25},"end":{"line":95,"column":42}}],"line":95},"3":{"loc":{"start":{"line":98,"column":24},"end":{"line":98,"column":51}},"type":"binary-expr","locations":[{"start":{"line":98,"column":24},"end":{"line":98,"column":40}},{"start":{"line":98,"column":44},"end":{"line":98,"column":51}}],"line":98},"4":{"loc":{"start":{"line":99,"column":21},"end":{"line":99,"column":45}},"type":"binary-expr","locations":[{"start":{"line":99,"column":21},"end":{"line":99,"column":39}},{"start":{"line":99,"column":43},"end":{"line":99,"column":45}}],"line":99},"5":{"loc":{"start":{"line":100,"column":10},"end":{"line":100,"column":22}},"type":"binary-expr","locations":[{"start":{"line":100,"column":10},"end":{"line":100,"column":16}},{"start":{"line":100,"column":20},"end":{"line":100,"column":22}}],"line":100},"6":{"loc":{"start":{"line":105,"column":9},"end":{"line":105,"column":63}},"type":"cond-expr","locations":[{"start":{"line":105,"column":42},"end":{"line":105,"column":50}},{"start":{"line":105,"column":53},"end":{"line":105,"column":63}}],"line":105},"7":{"loc":{"start":{"line":113,"column":11},"end":{"line":113,"column":34}},"type":"binary-expr","locations":[{"start":{"line":113,"column":11},"end":{"line":113,"column":28}},{"start":{"line":113,"column":32},"end":{"line":113,"column":34}}],"line":113},"8":{"loc":{"start":{"line":115,"column":22},"end":{"line":115,"column":43}},"type":"binary-expr","locations":[{"start":{"line":115,"column":22},"end":{"line":115,"column":38}},{"start":{"line":115,"column":42},"end":{"line":115,"column":43}}],"line":115},"9":{"loc":{"start":{"line":116,"column":20},"end":{"line":116,"column":42}},"type":"binary-expr","locations":[{"start":{"line":116,"column":20},"end":{"line":116,"column":37}},{"start":{"line":116,"column":41},"end":{"line":116,"column":42}}],"line":116},"10":{"loc":{"start":{"line":117,"column":15},"end":{"line":117,"column":35}},"type":"binary-expr","locations":[{"start":{"line":117,"column":15},"end":{"line":117,"column":29}},{"start":{"line":117,"column":33},"end":{"line":117,"column":35}}],"line":117},"11":{"loc":{"start":{"line":126,"column":17},"end":{"line":126,"column":38}},"type":"binary-expr","locations":[{"start":{"line":126,"column":17},"end":{"line":126,"column":32}},{"start":{"line":126,"column":36},"end":{"line":126,"column":38}}],"line":126},"12":{"loc":{"start":{"line":128,"column":17},"end":{"line":128,"column":39}},"type":"binary-expr","locations":[{"start":{"line":128,"column":17},"end":{"line":128,"column":33}},{"start":{"line":128,"column":37},"end":{"line":128,"column":39}}],"line":128},"13":{"loc":{"start":{"line":130,"column":11},"end":{"line":130,"column":34}},"type":"binary-expr","locations":[{"start":{"line":130,"column":11},"end":{"line":130,"column":28}},{"start":{"line":130,"column":32},"end":{"line":130,"column":34}}],"line":130},"14":{"loc":{"start":{"line":131,"column":29},"end":{"line":131,"column":54}},"type":"binary-expr","locations":[{"start":{"line":131,"column":29},"end":{"line":131,"column":43}},{"start":{"line":131,"column":47},"end":{"line":131,"column":54}}],"line":131},"15":{"loc":{"start":{"line":132,"column":27},"end":{"line":132,"column":50}},"type":"binary-expr","locations":[{"start":{"line":132,"column":27},"end":{"line":132,"column":39}},{"start":{"line":132,"column":43},"end":{"line":132,"column":50}}],"line":132},"16":{"loc":{"start":{"line":136,"column":15},"end":{"line":136,"column":35}},"type":"binary-expr","locations":[{"start":{"line":136,"column":15},"end":{"line":136,"column":29}},{"start":{"line":136,"column":33},"end":{"line":136,"column":35}}],"line":136},"17":{"loc":{"start":{"line":137,"column":15},"end":{"line":137,"column":35}},"type":"binary-expr","locations":[{"start":{"line":137,"column":15},"end":{"line":137,"column":29}},{"start":{"line":137,"column":33},"end":{"line":137,"column":35}}],"line":137},"18":{"loc":{"start":{"line":147,"column":17},"end":{"line":147,"column":38}},"type":"binary-expr","locations":[{"start":{"line":147,"column":17},"end":{"line":147,"column":32}},{"start":{"line":147,"column":36},"end":{"line":147,"column":38}}],"line":147},"19":{"loc":{"start":{"line":148,"column":22},"end":{"line":148,"column":48}},"type":"binary-expr","locations":[{"start":{"line":148,"column":22},"end":{"line":148,"column":42}},{"start":{"line":148,"column":46},"end":{"line":148,"column":48}}],"line":148},"20":{"loc":{"start":{"line":159,"column":5},"end":{"line":159,"column":22}},"type":"binary-expr","locations":[{"start":{"line":159,"column":5},"end":{"line":159,"column":16}},{"start":{"line":159,"column":20},"end":{"line":159,"column":22}}],"line":159},"21":{"loc":{"start":{"line":165,"column":19},"end":{"line":165,"column":67}},"type":"cond-expr","locations":[{"start":{"line":165,"column":29},"end":{"line":165,"column":55}},{"start":{"line":165,"column":58},"end":{"line":165,"column":67}}],"line":165},"22":{"loc":{"start":{"line":167,"column":14},"end":{"line":167,"column":35}},"type":"binary-expr","locations":[{"start":{"line":167,"column":14},"end":{"line":167,"column":29}},{"start":{"line":167,"column":33},"end":{"line":167,"column":35}}],"line":167},"23":{"loc":{"start":{"line":169,"column":13},"end":{"line":169,"column":43}},"type":"binary-expr","locations":[{"start":{"line":169,"column":13},"end":{"line":169,"column":20}},{"start":{"line":169,"column":24},"end":{"line":169,"column":37}},{"start":{"line":169,"column":41},"end":{"line":169,"column":43}}],"line":169},"24":{"loc":{"start":{"line":175,"column":25},"end":{"line":175,"column":42}},"type":"binary-expr","locations":[{"start":{"line":175,"column":25},"end":{"line":175,"column":36}},{"start":{"line":175,"column":40},"end":{"line":175,"column":42}}],"line":175},"25":{"loc":{"start":{"line":187,"column":18},"end":{"line":187,"column":87}},"type":"cond-expr","locations":[{"start":{"line":187,"column":54},"end":{"line":187,"column":68}},{"start":{"line":187,"column":71},"end":{"line":187,"column":87}}],"line":187},"26":{"loc":{"start":{"line":228,"column":10},"end":{"line":228,"column":28}},"type":"binary-expr","locations":[{"start":{"line":228,"column":10},"end":{"line":228,"column":22}},{"start":{"line":228,"column":26},"end":{"line":228,"column":28}}],"line":228}},"s":{"0":6,"1":6,"2":0,"3":0,"4":6,"5":6,"6":6,"7":12,"8":12,"9":0,"10":12,"11":6,"12":6,"13":5,"14":5,"15":5,"16":1,"17":6,"18":6,"19":6,"20":12,"21":12,"22":6,"23":12,"24":12,"25":6,"26":12,"27":12,"28":6,"29":3,"30":3,"31":1,"32":1,"33":2,"34":1,"35":2,"36":2,"37":1},"f":{"0":6,"1":12,"2":12,"3":6,"4":6,"5":5,"6":5,"7":1,"8":6,"9":12,"10":12,"11":12,"12":12,"13":12,"14":3,"15":1,"16":1,"17":2,"18":1,"19":2,"20":1},"b":{"0":[0,6],"1":[12,0],"2":[12,0],"3":[0,0],"4":[0,0],"5":[0,0],"6":[1,11],"7":[6,0],"8":[6,0],"9":[6,0],"10":[6,0],"11":[6,0],"12":[6,0],"13":[6,0],"14":[6,0],"15":[6,0],"16":[6,0],"17":[6,0],"18":[5,0],"19":[5,0],"20":[6,0],"21":[12,0],"22":[12,0],"23":[12,0,0],"24":[6,0],"25":[1,2],"26":[2,1]},"_coverageSchema":"1a1c01bbd47fc00a2c39e90264f33305004495a9","hash":"024717b94bdf4dfa47b848d4ed8622254e266d87"}
,"/Users/pisan/bitbucket/pisanuw/meet/meetmemobile/src/components/AvailabilityGrid.tsx": {"path":"/Users/pisan/bitbucket/pisanuw/meet/meetmemobile/src/components/AvailabilityGrid.tsx","statementMap":{"0":{"start":{"line":21,"column":18},"end":{"line":21,"column":20}},"1":{"start":{"line":22,"column":23},"end":{"line":22,"column":25}},"2":{"start":{"line":23,"column":27},"end":{"line":23,"column":29}},"3":{"start":{"line":26,"column":2},"end":{"line":26,"column":56}},"4":{"start":{"line":26,"column":32},"end":{"line":26,"column":53}},"5":{"start":{"line":30,"column":2},"end":{"line":33,"column":5}},"6":{"start":{"line":31,"column":25},"end":{"line":31,"column":39}},"7":{"start":{"line":32,"column":4},"end":{"line":32,"column":46}},"8":{"start":{"line":44,"column":34},"end":{"line":44,"column":87}},"9":{"start":{"line":44,"column":62},"end":{"line":44,"column":86}},"10":{"start":{"line":46,"column":21},"end":{"line":61,"column":3}},"11":{"start":{"line":48,"column":18},"end":{"line":48,"column":35}},"12":{"start":{"line":49,"column":6},"end":{"line":58,"column":9}},"13":{"start":{"line":50,"column":21},"end":{"line":50,"column":34}},"14":{"start":{"line":51,"column":8},"end":{"line":55,"column":9}},"15":{"start":{"line":52,"column":10},"end":{"line":52,"column":27}},"16":{"start":{"line":54,"column":10},"end":{"line":54,"column":24}},"17":{"start":{"line":56,"column":8},"end":{"line":56,"column":35}},"18":{"start":{"line":57,"column":8},"end":{"line":57,"column":20}},"19":{"start":{"line":63,"column":21},"end":{"line":63,"column":40}},"20":{"start":{"line":65,"column":2},"end":{"line":133,"column":4}},"21":{"start":{"line":74,"column":25},"end":{"line":74,"column":38}},"22":{"start":{"line":75,"column":12},"end":{"line":75,"column":58}},"23":{"start":{"line":75,"column":46},"end":{"line":75,"column":58}},"24":{"start":{"line":76,"column":12},"end":{"line":88,"column":14}},"25":{"start":{"line":94,"column":10},"end":{"line":123,"column":17}},"26":{"start":{"line":102,"column":27},"end":{"line":102,"column":40}},"27":{"start":{"line":103,"column":26},"end":{"line":103,"column":43}},"28":{"start":{"line":104,"column":33},"end":{"line":104,"column":50}},"29":{"start":{"line":105,"column":29},"end":{"line":105,"column":45}},"30":{"start":{"line":107,"column":14},"end":{"line":121,"column":16}},"31":{"start":{"line":110,"column":33},"end":{"line":110,"column":55}},"32":{"start":{"line":136,"column":15},"end":{"line":182,"column":2}}},"fnMap":{"0":{"name":"slotsToSet","decl":{"start":{"line":25,"column":9},"end":{"line":25,"column":19}},"loc":{"start":{"line":25,"column":52},"end":{"line":27,"column":1}},"line":25},"1":{"name":"(anonymous_1)","decl":{"start":{"line":26,"column":27},"end":{"line":26,"column":28}},"loc":{"start":{"line":26,"column":32},"end":{"line":26,"column":53}},"line":26},"2":{"name":"setToSlots","decl":{"start":{"line":29,"column":9},"end":{"line":29,"column":19}},"loc":{"start":{"line":29,"column":50},"end":{"line":34,"column":1}},"line":29},"3":{"name":"(anonymous_3)","decl":{"start":{"line":30,"column":29},"end":{"line":30,"column":30}},"loc":{"start":{"line":30,"column":36},"end":{"line":33,"column":3}},"line":30},"4":{"name":"AvailabilityGrid","decl":{"start":{"line":36,"column":16},"end":{"line":36,"column":32}},"loc":{"start":{"line":43,"column":26},"end":{"line":134,"column":1}},"line":43},"5":{"name":"(anonymous_5)","decl":{"start":{"line":44,"column":56},"end":{"line":44,"column":57}},"loc":{"start":{"line":44,"column":62},"end":{"line":44,"column":86}},"line":44},"6":{"name":"(anonymous_6)","decl":{"start":{"line":47,"column":4},"end":{"line":47,"column":5}},"loc":{"start":{"line":47,"column":36},"end":{"line":59,"column":5}},"line":47},"7":{"name":"(anonymous_7)","decl":{"start":{"line":49,"column":18},"end":{"line":49,"column":19}},"loc":{"start":{"line":49,"column":26},"end":{"line":58,"column":7}},"line":49},"8":{"name":"(anonymous_8)","decl":{"start":{"line":73,"column":46},"end":{"line":73,"column":47}},"loc":{"start":{"line":73,"column":56},"end":{"line":89,"column":11}},"line":73},"9":{"name":"(anonymous_9)","decl":{"start":{"line":93,"column":19},"end":{"line":93,"column":20}},"loc":{"start":{"line":94,"column":10},"end":{"line":123,"column":17}},"line":94},"10":{"name":"(anonymous_10)","decl":{"start":{"line":101,"column":48},"end":{"line":101,"column":49}},"loc":{"start":{"line":101,"column":58},"end":{"line":122,"column":13}},"line":101},"11":{"name":"(anonymous_11)","decl":{"start":{"line":110,"column":27},"end":{"line":110,"column":28}},"loc":{"start":{"line":110,"column":33},"end":{"line":110,"column":55}},"line":110}},"branchMap":{"0":{"loc":{"start":{"line":51,"column":8},"end":{"line":55,"column":9}},"type":"if","locations":[{"start":{"line":51,"column":8},"end":{"line":55,"column":9}},{"start":{"line":53,"column":15},"end":{"line":55,"column":9}}],"line":51},"1":{"loc":{"start":{"line":75,"column":12},"end":{"line":75,"column":58}},"type":"if","locations":[{"start":{"line":75,"column":12},"end":{"line":75,"column":58}},{"start":{},"end":{}}],"line":75},"2":{"loc":{"start":{"line":97,"column":17},"end":{"line":97,"column":65}},"type":"cond-expr","locations":[{"start":{"line":97,"column":45},"end":{"line":97,"column":49}},{"start":{"line":97,"column":52},"end":{"line":97,"column":65}}],"line":97},"3":{"loc":{"start":{"line":113,"column":20},"end":{"line":113,"column":71}},"type":"cond-expr","locations":[{"start":{"line":113,"column":33},"end":{"line":113,"column":52}},{"start":{"line":113,"column":55},"end":{"line":113,"column":71}}],"line":113},"4":{"loc":{"start":{"line":114,"column":20},"end":{"line":114,"column":45}},"type":"binary-expr","locations":[{"start":{"line":114,"column":20},"end":{"line":114,"column":26}},{"start":{"line":114,"column":30},"end":{"line":114,"column":45}}],"line":114},"5":{"loc":{"start":{"line":117,"column":73},"end":{"line":117,"column":113}},"type":"cond-expr","locations":[{"start":{"line":117,"column":86},"end":{"line":117,"column":97}},{"start":{"line":117,"column":100},"end":{"line":117,"column":113}}],"line":117},"6":{"loc":{"start":{"line":129,"column":29},"end":{"line":129,"column":59}},"type":"cond-expr","locations":[{"start":{"line":129,"column":51},"end":{"line":129,"column":54}},{"start":{"line":129,"column":57},"end":{"line":129,"column":59}}],"line":129},"7":{"loc":{"start":{"line":130,"column":9},"end":{"line":130,"column":88}},"type":"cond-expr","locations":[{"start":{"line":130,"column":29},"end":{"line":130,"column":83}},{"start":{"line":130,"column":86},"end":{"line":130,"column":88}}],"line":130}},"s":{"0":2,"1":2,"2":2,"3":11,"4":10,"5":3,"6":2,"7":2,"8":18,"9":11,"10":18,"11":3,"12":3,"13":3,"14":3,"15":2,"16":1,"17":3,"18":3,"19":18,"20":18,"21":168,"22":168,"23":126,"24":42,"25":30,"26":216,"27":216,"28":216,"29":216,"30":216,"31":3,"32":2},"f":{"0":11,"1":10,"2":3,"3":2,"4":18,"5":11,"6":3,"7":3,"8":168,"9":30,"10":216,"11":3},"b":{"0":[2,1],"1":[126,42],"2":[2,28],"3":[16,200],"4":[216,54],"5":[16,200],"6":[8,10],"7":[12,6]},"_coverageSchema":"1a1c01bbd47fc00a2c39e90264f33305004495a9","hash":"fe9bbfd69a42a5f6c9a9e63cee2a01d12ccf8a56"}
,"/Users/pisan/bitbucket/pisanuw/meet/meetmemobile/src/components/Button.tsx": {"path":"/Users/pisan/bitbucket/pisanuw/meet/meetmemobile/src/components/Button.tsx","statementMap":{"0":{"start":{"line":37,"column":21},"end":{"line":37,"column":40}},"1":{"start":{"line":39,"column":2},"end":{"line":66,"column":4}},"2":{"start":{"line":69,"column":15},"end":{"line":110,"column":43}}},"fnMap":{"0":{"name":"Button","decl":{"start":{"line":27,"column":16},"end":{"line":27,"column":22}},"loc":{"start":{"line":36,"column":16},"end":{"line":67,"column":1}},"line":36}},"branchMap":{"0":{"loc":{"start":{"line":30,"column":2},"end":{"line":30,"column":21}},"type":"default-arg","locations":[{"start":{"line":30,"column":12},"end":{"line":30,"column":21}}],"line":30},"1":{"loc":{"start":{"line":31,"column":2},"end":{"line":31,"column":13}},"type":"default-arg","locations":[{"start":{"line":31,"column":9},"end":{"line":31,"column":13}}],"line":31},"2":{"loc":{"start":{"line":32,"column":2},"end":{"line":32,"column":17}},"type":"default-arg","locations":[{"start":{"line":32,"column":12},"end":{"line":32,"column":17}}],"line":32},"3":{"loc":{"start":{"line":33,"column":2},"end":{"line":33,"column":18}},"type":"default-arg","locations":[{"start":{"line":33,"column":13},"end":{"line":33,"column":18}}],"line":33},"4":{"loc":{"start":{"line":37,"column":21},"end":{"line":37,"column":40}},"type":"binary-expr","locations":[{"start":{"line":37,"column":21},"end":{"line":37,"column":29}},{"start":{"line":37,"column":33},"end":{"line":37,"column":40}}],"line":37},"5":{"loc":{"start":{"line":47,"column":8},"end":{"line":47,"column":37}},"type":"binary-expr","locations":[{"start":{"line":47,"column":8},"end":{"line":47,"column":18}},{"start":{"line":47,"column":22},"end":{"line":47,"column":37}}],"line":47},"6":{"loc":{"start":{"line":55,"column":7},"end":{"line":64,"column":7}},"type":"cond-expr","locations":[{"start":{"line":56,"column":8},"end":{"line":59,"column":10}},{"start":{"line":61,"column":8},"end":{"line":63,"column":15}}],"line":55},"7":{"loc":{"start":{"line":57,"column":17},"end":{"line":57,"column":88}},"type":"cond-expr","locations":[{"start":{"line":57,"column":65},"end":{"line":57,"column":71}},{"start":{"line":57,"column":74},"end":{"line":57,"column":88}}],"line":57},"8":{"loc":{"start":{"line":57,"column":17},"end":{"line":57,"column":62}},"type":"binary-expr","locations":[{"start":{"line":57,"column":17},"end":{"line":57,"column":38}},{"start":{"line":57,"column":42},"end":{"line":57,"column":62}}],"line":57}},"s":{"0":15,"1":15,"2":1},"f":{"0":15},"b":{"0":[11],"1":[12],"2":[13],"3":[14],"4":[15,14],"5":[15,3],"6":[2,13],"7":[2,0],"8":[2,0]},"_coverageSchema":"1a1c01bbd47fc00a2c39e90264f33305004495a9","hash":"286aff432785678f3550a0cbd2005083b630b954"}
,"/Users/pisan/bitbucket/pisanuw/meet/meetmemobile/src/components/Card.tsx": {"path":"/Users/pisan/bitbucket/pisanuw/meet/meetmemobile/src/components/Card.tsx","statementMap":{"0":{"start":{"line":12,"column":2},"end":{"line":16,"column":4}},"1":{"start":{"line":19,"column":15},"end":{"line":32,"column":2}}},"fnMap":{"0":{"name":"Card","decl":{"start":{"line":11,"column":16},"end":{"line":11,"column":20}},"loc":{"start":{"line":11,"column":61},"end":{"line":17,"column":1}},"line":11}},"branchMap":{},"s":{"0":339,"1":5},"f":{"0":339},"b":{},"_coverageSchema":"1a1c01bbd47fc00a2c39e90264f33305004495a9","hash":"f1295c562c8ab15e85283ec914ef749aaf68b5e2"}
,"/Users/pisan/bitbucket/pisanuw/meet/meetmemobile/src/components/ErrorBoundary.tsx": {"path":"/Users/pisan/bitbucket/pisanuw/meet/meetmemobile/src/components/ErrorBoundary.tsx","statementMap":{"0":{"start":{"line":16,"column":4},"end":{"line":16,"column":17}},"1":{"start":{"line":17,"column":4},"end":{"line":17,"column":50}},"2":{"start":{"line":22,"column":6},"end":{"line":22,"column":78}},"3":{"start":{"line":23,"column":4},"end":{"line":23,"column":39}},"4":{"start":{"line":28,"column":4},"end":{"line":28,"column":65}},"5":{"start":{"line":31,"column":16},"end":{"line":33,"column":3}},"6":{"start":{"line":32,"column":4},"end":{"line":32,"column":52}},"7":{"start":{"line":36,"column":4},"end":{"line":46,"column":5}},"8":{"start":{"line":37,"column":6},"end":{"line":45,"column":8}},"9":{"start":{"line":47,"column":4},"end":{"line":47,"column":31}},"10":{"start":{"line":51,"column":15},"end":{"line":83,"column":2}}},"fnMap":{"0":{"name":"(anonymous_0)","decl":{"start":{"line":15,"column":2},"end":{"line":15,"column":3}},"loc":{"start":{"line":15,"column":28},"end":{"line":18,"column":3}},"line":15},"1":{"name":"(anonymous_1)","decl":{"start":{"line":20,"column":2},"end":{"line":20,"column":3}},"loc":{"start":{"line":20,"column":57},"end":{"line":24,"column":3}},"line":20},"2":{"name":"(anonymous_2)","decl":{"start":{"line":26,"column":2},"end":{"line":26,"column":3}},"loc":{"start":{"line":26,"column":59},"end":{"line":29,"column":3}},"line":26},"3":{"name":"(anonymous_3)","decl":{"start":{"line":31,"column":16},"end":{"line":31,"column":17}},"loc":{"start":{"line":31,"column":22},"end":{"line":33,"column":3}},"line":31},"4":{"name":"(anonymous_4)","decl":{"start":{"line":35,"column":2},"end":{"line":35,"column":3}},"loc":{"start":{"line":35,"column":11},"end":{"line":48,"column":3}},"line":35}},"branchMap":{"0":{"loc":{"start":{"line":22,"column":6},"end":{"line":22,"column":78}},"type":"cond-expr","locations":[{"start":{"line":22,"column":31},"end":{"line":22,"column":44}},{"start":{"line":22,"column":47},"end":{"line":22,"column":78}}],"line":22},"1":{"loc":{"start":{"line":36,"column":4},"end":{"line":46,"column":5}},"type":"if","locations":[{"start":{"line":36,"column":4},"end":{"line":46,"column":5}},{"start":{},"end":{}}],"line":36}},"s":{"0":0,"1":0,"2":0,"3":0,"4":0,"5":0,"6":0,"7":0,"8":0,"9":0,"10":0},"f":{"0":0,"1":0,"2":0,"3":0,"4":0},"b":{"0":[0,0],"1":[0,0]}}
,"/Users/pisan/bitbucket/pisanuw/meet/meetmemobile/src/components/FlashMessage.tsx": {"path":"/Users/pisan/bitbucket/pisanuw/meet/meetmemobile/src/components/FlashMessage.tsx","statementMap":{"0":{"start":{"line":16,"column":103},"end":{"line":20,"column":1}},"1":{"start":{"line":22,"column":46},"end":{"line":26,"column":1}},"2":{"start":{"line":34,"column":18},"end":{"line":34,"column":55}},"3":{"start":{"line":36,"column":2},"end":{"line":53,"column":37}},"4":{"start":{"line":37,"column":4},"end":{"line":41,"column":15}},"5":{"start":{"line":43,"column":4},"end":{"line":52,"column":5}},"6":{"start":{"line":44,"column":20},"end":{"line":50,"column":18}},"7":{"start":{"line":45,"column":8},"end":{"line":49,"column":38}},"8":{"start":{"line":49,"column":23},"end":{"line":49,"column":36}},"9":{"start":{"line":51,"column":6},"end":{"line":51,"column":39}},"10":{"start":{"line":51,"column":19},"end":{"line":51,"column":38}},"11":{"start":{"line":55,"column":23},"end":{"line":55,"column":35}},"12":{"start":{"line":57,"column":2},"end":{"line":62,"column":4}},"13":{"start":{"line":65,"column":15},"end":{"line":82,"column":2}}},"fnMap":{"0":{"name":"FlashMessage","decl":{"start":{"line":28,"column":16},"end":{"line":28,"column":28}},"loc":{"start":{"line":33,"column":22},"end":{"line":63,"column":1}},"line":33},"1":{"name":"(anonymous_1)","decl":{"start":{"line":36,"column":12},"end":{"line":36,"column":13}},"loc":{"start":{"line":36,"column":18},"end":{"line":53,"column":3}},"line":36},"2":{"name":"(anonymous_2)","decl":{"start":{"line":44,"column":31},"end":{"line":44,"column":32}},"loc":{"start":{"line":44,"column":37},"end":{"line":50,"column":7}},"line":44},"3":{"name":"(anonymous_3)","decl":{"start":{"line":49,"column":17},"end":{"line":49,"column":18}},"loc":{"start":{"line":49,"column":23},"end":{"line":49,"column":36}},"line":49},"4":{"name":"(anonymous_4)","decl":{"start":{"line":51,"column":13},"end":{"line":51,"column":14}},"loc":{"start":{"line":51,"column":19},"end":{"line":51,"column":38}},"line":51}},"branchMap":{"0":{"loc":{"start":{"line":30,"column":2},"end":{"line":30,"column":15}},"type":"default-arg","locations":[{"start":{"line":30,"column":9},"end":{"line":30,"column":15}}],"line":30},"1":{"loc":{"start":{"line":31,"column":2},"end":{"line":31,"column":17}},"type":"default-arg","locations":[{"start":{"line":31,"column":13},"end":{"line":31,"column":17}}],"line":31},"2":{"loc":{"start":{"line":43,"column":4},"end":{"line":52,"column":5}},"type":"if","locations":[{"start":{"line":43,"column":4},"end":{"line":52,"column":5}},{"start":{},"end":{}}],"line":43}},"s":{"0":1,"1":1,"2":4,"3":4,"4":4,"5":4,"6":4,"7":1,"8":1,"9":4,"10":4,"11":4,"12":4,"13":1},"f":{"0":4,"1":4,"2":1,"3":1,"4":4},"b":{"0":[2],"1":[3],"2":[4,0]},"_coverageSchema":"1a1c01bbd47fc00a2c39e90264f33305004495a9","hash":"c127440394f4999814709b0ac2be43ee4081b7e3"}
,"/Users/pisan/bitbucket/pisanuw/meet/meetmemobile/src/components/HeatmapGrid.tsx": {"path":"/Users/pisan/bitbucket/pisanuw/meet/meetmemobile/src/components/HeatmapGrid.tsx","statementMap":{"0":{"start":{"line":19,"column":2},"end":{"line":19,"column":39}},"1":{"start":{"line":19,"column":22},"end":{"line":19,"column":39}},"2":{"start":{"line":20,"column":2},"end":{"line":20,"column":41}},"3":{"start":{"line":20,"column":24},"end":{"line":20,"column":41}},"4":{"start":{"line":21,"column":2},"end":{"line":21,"column":40}},"5":{"start":{"line":21,"column":23},"end":{"line":21,"column":40}},"6":{"start":{"line":22,"column":2},"end":{"line":22,"column":41}},"7":{"start":{"line":22,"column":24},"end":{"line":22,"column":41}},"8":{"start":{"line":23,"column":2},"end":{"line":23,"column":19}},"9":{"start":{"line":28,"column":14},"end":{"line":28,"column":39}},"10":{"start":{"line":29,"column":2},"end":{"line":34,"column":3}},"11":{"start":{"line":30,"column":4},"end":{"line":33,"column":5}},"12":{"start":{"line":31,"column":18},"end":{"line":31,"column":35}},"13":{"start":{"line":32,"column":6},"end":{"line":32,"column":44}},"14":{"start":{"line":35,"column":2},"end":{"line":35,"column":13}},"15":{"start":{"line":40,"column":57},"end":{"line":40,"column":59}},"16":{"start":{"line":41,"column":2},"end":{"line":45,"column":3}},"17":{"start":{"line":41,"column":15},"end":{"line":41,"column":24}},"18":{"start":{"line":42,"column":4},"end":{"line":44,"column":5}},"19":{"start":{"line":43,"column":6},"end":{"line":43,"column":53}},"20":{"start":{"line":46,"column":2},"end":{"line":46,"column":16}},"21":{"start":{"line":49,"column":18},"end":{"line":49,"column":20}},"22":{"start":{"line":50,"column":23},"end":{"line":50,"column":25}},"23":{"start":{"line":51,"column":27},"end":{"line":51,"column":29}},"24":{"start":{"line":54,"column":68},"end":{"line":54,"column":75}},"25":{"start":{"line":55,"column":21},"end":{"line":55,"column":40}},"26":{"start":{"line":56,"column":25},"end":{"line":56,"column":94}},"27":{"start":{"line":56,"column":50},"end":{"line":56,"column":86}},"28":{"start":{"line":58,"column":18},"end":{"line":58,"column":65}},"29":{"start":{"line":58,"column":32},"end":{"line":58,"column":53}},"30":{"start":{"line":59,"column":21},"end":{"line":62,"column":3}},"31":{"start":{"line":60,"column":10},"end":{"line":60,"column":45}},"32":{"start":{"line":64,"column":21},"end":{"line":64,"column":43}},"33":{"start":{"line":66,"column":2},"end":{"line":134,"column":4}},"34":{"start":{"line":77,"column":12},"end":{"line":82,"column":19}},"35":{"start":{"line":88,"column":10},"end":{"line":118,"column":17}},"36":{"start":{"line":98,"column":27},"end":{"line":98,"column":40}},"37":{"start":{"line":99,"column":28},"end":{"line":99,"column":63}},"38":{"start":{"line":100,"column":31},"end":{"line":100,"column":88}},"39":{"start":{"line":101,"column":25},"end":{"line":101,"column":44}},"40":{"start":{"line":102,"column":37},"end":{"line":102,"column":53}},"41":{"start":{"line":104,"column":14},"end":{"line":116,"column":16}},"42":{"start":{"line":107,"column":33},"end":{"line":107,"column":58}},"43":{"start":{"line":126,"column":10},"end":{"line":129,"column":12}},"44":{"start":{"line":137,"column":15},"end":{"line":194,"column":2}}},"fnMap":{"0":{"name":"heatColor","decl":{"start":{"line":18,"column":9},"end":{"line":18,"column":18}},"loc":{"start":{"line":18,"column":45},"end":{"line":24,"column":1}},"line":18},"1":{"name":"buildHeatmap","decl":{"start":{"line":27,"column":9},"end":{"line":27,"column":21}},"loc":{"start":{"line":27,"column":61},"end":{"line":36,"column":1}},"line":27},"2":{"name":"buildTimeLabels","decl":{"start":{"line":39,"column":9},"end":{"line":39,"column":24}},"loc":{"start":{"line":39,"column":101},"end":{"line":47,"column":1}},"line":39},"3":{"name":"HeatmapGrid","decl":{"start":{"line":53,"column":16},"end":{"line":53,"column":27}},"loc":{"start":{"line":53,"column":72},"end":{"line":135,"column":1}},"line":53},"4":{"name":"(anonymous_4)","decl":{"start":{"line":56,"column":45},"end":{"line":56,"column":46}},"loc":{"start":{"line":56,"column":50},"end":{"line":56,"column":86}},"line":56},"5":{"name":"(anonymous_5)","decl":{"start":{"line":58,"column":26},"end":{"line":58,"column":27}},"loc":{"start":{"line":58,"column":32},"end":{"line":58,"column":53}},"line":58},"6":{"name":"(anonymous_6)","decl":{"start":{"line":60,"column":4},"end":{"line":60,"column":5}},"loc":{"start":{"line":60,"column":10},"end":{"line":60,"column":45}},"line":60},"7":{"name":"(anonymous_7)","decl":{"start":{"line":76,"column":26},"end":{"line":76,"column":27}},"loc":{"start":{"line":77,"column":12},"end":{"line":82,"column":19}},"line":77},"8":{"name":"(anonymous_8)","decl":{"start":{"line":87,"column":19},"end":{"line":87,"column":20}},"loc":{"start":{"line":88,"column":10},"end":{"line":118,"column":17}},"line":88},"9":{"name":"(anonymous_9)","decl":{"start":{"line":97,"column":48},"end":{"line":97,"column":49}},"loc":{"start":{"line":97,"column":58},"end":{"line":117,"column":13}},"line":97},"10":{"name":"(anonymous_10)","decl":{"start":{"line":107,"column":27},"end":{"line":107,"column":28}},"loc":{"start":{"line":107,"column":33},"end":{"line":107,"column":58}},"line":107},"11":{"name":"(anonymous_11)","decl":{"start":{"line":125,"column":37},"end":{"line":125,"column":38}},"loc":{"start":{"line":126,"column":10},"end":{"line":129,"column":12}},"line":126}},"branchMap":{"0":{"loc":{"start":{"line":19,"column":2},"end":{"line":19,"column":39}},"type":"if","locations":[{"start":{"line":19,"column":2},"end":{"line":19,"column":39}},{"start":{},"end":{}}],"line":19},"1":{"loc":{"start":{"line":20,"column":2},"end":{"line":20,"column":41}},"type":"if","locations":[{"start":{"line":20,"column":2},"end":{"line":20,"column":41}},{"start":{},"end":{}}],"line":20},"2":{"loc":{"start":{"line":21,"column":2},"end":{"line":21,"column":40}},"type":"if","locations":[{"start":{"line":21,"column":2},"end":{"line":21,"column":40}},{"start":{},"end":{}}],"line":21},"3":{"loc":{"start":{"line":22,"column":2},"end":{"line":22,"column":41}},"type":"if","locations":[{"start":{"line":22,"column":2},"end":{"line":22,"column":41}},{"start":{},"end":{}}],"line":22},"4":{"loc":{"start":{"line":32,"column":20},"end":{"line":32,"column":37}},"type":"binary-expr","locations":[{"start":{"line":32,"column":20},"end":{"line":32,"column":32}},{"start":{"line":32,"column":36},"end":{"line":32,"column":37}}],"line":32},"5":{"loc":{"start":{"line":42,"column":4},"end":{"line":44,"column":5}},"type":"if","locations":[{"start":{"line":42,"column":4},"end":{"line":44,"column":5}},{"start":{},"end":{}}],"line":42},"6":{"loc":{"start":{"line":56,"column":50},"end":{"line":56,"column":86}},"type":"binary-expr","locations":[{"start":{"line":56,"column":50},"end":{"line":56,"column":64}},{"start":{"line":56,"column":68},"end":{"line":56,"column":86}}],"line":56},"7":{"loc":{"start":{"line":92,"column":17},"end":{"line":92,"column":65}},"type":"cond-expr","locations":[{"start":{"line":92,"column":45},"end":{"line":92,"column":49}},{"start":{"line":92,"column":52},"end":{"line":92,"column":65}}],"line":92},"8":{"loc":{"start":{"line":99,"column":28},"end":{"line":99,"column":63}},"type":"binary-expr","locations":[{"start":{"line":99,"column":28},"end":{"line":99,"column":58}},{"start":{"line":99,"column":62},"end":{"line":99,"column":63}}],"line":99},"9":{"loc":{"start":{"line":100,"column":31},"end":{"line":100,"column":88}},"type":"cond-expr","locations":[{"start":{"line":100,"column":57},"end":{"line":100,"column":84}},{"start":{"line":100,"column":87},"end":{"line":100,"column":88}}],"line":100},"10":{"loc":{"start":{"line":111,"column":20},"end":{"line":111,"column":61}},"type":"binary-expr","locations":[{"start":{"line":111,"column":20},"end":{"line":111,"column":34}},{"start":{"line":111,"column":38},"end":{"line":111,"column":61}}],"line":111}},"s":{"0":625,"1":500,"2":125,"3":25,"4":100,"5":50,"6":50,"7":25,"8":25,"9":12,"10":12,"11":24,"12":12,"13":12,"14":12,"15":12,"16":12,"17":12,"18":240,"19":60,"20":12,"21":1,"22":1,"23":1,"24":25,"25":25,"26":25,"27":50,"28":25,"29":12,"30":25,"31":12,"32":25,"33":25,"34":125,"35":25,"36":500,"37":500,"38":500,"39":500,"40":500,"41":500,"42":0,"43":125,"44":1},"f":{"0":625,"1":12,"2":12,"3":25,"4":50,"5":12,"6":12,"7":125,"8":25,"9":500,"10":0,"11":125},"b":{"0":[500,125],"1":[25,100],"2":[50,50],"3":[25,25],"4":[12,12],"5":[60,180],"6":[50,25],"7":[0,25],"8":[500,475],"9":[500,0],"10":[500,125]},"_coverageSchema":"1a1c01bbd47fc00a2c39e90264f33305004495a9","hash":"446bf9a4689a8623a61c09920567580c35d0d6cc"}
,"/Users/pisan/bitbucket/pisanuw/meet/meetmemobile/src/components/LoadingScreen.tsx": {"path":"/Users/pisan/bitbucket/pisanuw/meet/meetmemobile/src/components/LoadingScreen.tsx","statementMap":{"0":{"start":{"line":10,"column":2},"end":{"line":15,"column":4}},"1":{"start":{"line":18,"column":15},"end":{"line":30,"column":2}}},"fnMap":{"0":{"name":"LoadingScreen","decl":{"start":{"line":9,"column":16},"end":{"line":9,"column":29}},"loc":{"start":{"line":9,"column":63},"end":{"line":16,"column":1}},"line":9}},"branchMap":{"0":{"loc":{"start":{"line":13,"column":7},"end":{"line":13,"column":69}},"type":"cond-expr","locations":[{"start":{"line":13,"column":17},"end":{"line":13,"column":62}},{"start":{"line":13,"column":65},"end":{"line":13,"column":69}}],"line":13}},"s":{"0":3,"1":1},"f":{"0":3},"b":{"0":[1,2]},"_coverageSchema":"1a1c01bbd47fc00a2c39e90264f33305004495a9","hash":"573d69779b2a36001d786fa1f9b971ccdf10d4d3"}
,"/Users/pisan/bitbucket/pisanuw/meet/meetmemobile/src/components/MeetingCard.tsx": {"path":"/Users/pisan/bitbucket/pisanuw/meet/meetmemobile/src/components/MeetingCard.tsx","statementMap":{"0":{"start":{"line":15,"column":22},"end":{"line":15,"column":48}},"1":{"start":{"line":17,"column":4},"end":{"line":19,"column":9}},"2":{"start":{"line":21,"column":20},"end":{"line":21,"column":36}},"3":{"start":{"line":22,"column":20},"end":{"line":22,"column":83}},"4":{"start":{"line":23,"column":20},"end":{"line":23,"column":87}},"5":{"start":{"line":25,"column":2},"end":{"line":77,"column":4}},"6":{"start":{"line":80,"column":15},"end":{"line":140,"column":2}}},"fnMap":{"0":{"name":"MeetingCard","decl":{"start":{"line":14,"column":16},"end":{"line":14,"column":27}},"loc":{"start":{"line":14,"column":76},"end":{"line":78,"column":1}},"line":14}},"branchMap":{"0":{"loc":{"start":{"line":17,"column":4},"end":{"line":19,"column":9}},"type":"cond-expr","locations":[{"start":{"line":18,"column":8},"end":{"line":18,"column":77}},{"start":{"line":19,"column":8},"end":{"line":19,"column":9}}],"line":17},"1":{"loc":{"start":{"line":22,"column":20},"end":{"line":22,"column":83}},"type":"cond-expr","locations":[{"start":{"line":22,"column":32},"end":{"line":22,"column":77}},{"start":{"line":22,"column":80},"end":{"line":22,"column":83}}],"line":22},"2":{"loc":{"start":{"line":23,"column":20},"end":{"line":23,"column":87}},"type":"cond-expr","locations":[{"start":{"line":23,"column":47},"end":{"line":23,"column":82}},{"start":{"line":23,"column":85},"end":{"line":23,"column":87}}],"line":23},"3":{"loc":{"start":{"line":26,"column":69},"end":{"line":26,"column":107}},"type":"binary-expr","locations":[{"start":{"line":26,"column":69},"end":{"line":26,"column":75}},{"start":{"line":26,"column":79},"end":{"line":26,"column":107}}],"line":26},"4":{"loc":{"start":{"line":30,"column":38},"end":{"line":30,"column":95}},"type":"cond-expr","locations":[{"start":{"line":30,"column":52},"end":{"line":30,"column":73}},{"start":{"line":30,"column":76},"end":{"line":30,"column":95}}],"line":30},"5":{"loc":{"start":{"line":32,"column":20},"end":{"line":32,"column":69}},"type":"cond-expr","locations":[{"start":{"line":32,"column":34},"end":{"line":32,"column":52}},{"start":{"line":32,"column":55},"end":{"line":32,"column":69}}],"line":32},"6":{"loc":{"start":{"line":34,"column":21},"end":{"line":34,"column":68}},"type":"cond-expr","locations":[{"start":{"line":34,"column":35},"end":{"line":34,"column":49}},{"start":{"line":34,"column":52},"end":{"line":34,"column":68}}],"line":34},"7":{"loc":{"start":{"line":36,"column":44},"end":{"line":36,"column":109}},"type":"cond-expr","locations":[{"start":{"line":36,"column":58},"end":{"line":36,"column":83}},{"start":{"line":36,"column":86},"end":{"line":36,"column":109}}],"line":36},"8":{"loc":{"start":{"line":37,"column":15},"end":{"line":37,"column":49}},"type":"cond-expr","locations":[{"start":{"line":37,"column":29},"end":{"line":37,"column":40}},{"start":{"line":37,"column":43},"end":{"line":37,"column":49}}],"line":37},"9":{"loc":{"start":{"line":51,"column":13},"end":{"line":51,"column":46}},"type":"cond-expr","locations":[{"start":{"line":51,"column":25},"end":{"line":51,"column":41}},{"start":{"line":51,"column":44},"end":{"line":51,"column":46}}],"line":51},"10":{"loc":{"start":{"line":56,"column":9},"end":{"line":65,"column":9}},"type":"binary-expr","locations":[{"start":{"line":56,"column":9},"end":{"line":56,"column":21}},{"start":{"line":57,"column":10},"end":{"line":64,"column":17}}],"line":56},"11":{"loc":{"start":{"line":67,"column":9},"end":{"line":74,"column":9}},"type":"binary-expr","locations":[{"start":{"line":67,"column":9},"end":{"line":67,"column":20}},{"start":{"line":67,"column":24},"end":{"line":67,"column":41}},{"start":{"line":68,"column":10},"end":{"line":73,"column":17}}],"line":67}},"s":{"0":11,"1":11,"2":11,"3":11,"4":11,"5":11,"6":2},"f":{"0":11},"b":{"0":[11,0],"1":[11,0],"2":[7,4],"3":[11,11],"4":[1,10],"5":[1,10],"6":[1,10],"7":[1,10],"8":[1,10],"9":[7,4],"10":[11,10],"11":[11,1,1]},"_coverageSchema":"1a1c01bbd47fc00a2c39e90264f33305004495a9","hash":"317591603930a110fc21d784db6bf2f938bb250d"}
,"/Users/pisan/bitbucket/pisanuw/meet/meetmemobile/src/context/AuthContext.tsx": {"path":"/Users/pisan/bitbucket/pisanuw/meet/meetmemobile/src/context/AuthContext.tsx","statementMap":{"0":{"start":{"line":20,"column":20},"end":{"line":20,"column":64}},"1":{"start":{"line":23,"column":26},"end":{"line":23,"column":53}},"2":{"start":{"line":24,"column":36},"end":{"line":24,"column":50}},"3":{"start":{"line":29,"column":22},"end":{"line":32,"column":8}},"4":{"start":{"line":30,"column":15},"end":{"line":30,"column":28}},"5":{"start":{"line":31,"column":4},"end":{"line":31,"column":16}},"6":{"start":{"line":37,"column":2},"end":{"line":50,"column":9}},"7":{"start":{"line":38,"column":4},"end":{"line":49,"column":9}},"8":{"start":{"line":39,"column":6},"end":{"line":39,"column":25}},"9":{"start":{"line":40,"column":6},"end":{"line":48,"column":7}},"10":{"start":{"line":41,"column":19},"end":{"line":41,"column":32}},"11":{"start":{"line":42,"column":8},"end":{"line":42,"column":20}},"12":{"start":{"line":45,"column":8},"end":{"line":45,"column":22}},"13":{"start":{"line":47,"column":8},"end":{"line":47,"column":28}},"14":{"start":{"line":52,"column":17},"end":{"line":59,"column":8}},"15":{"start":{"line":53,"column":4},"end":{"line":57,"column":5}},"16":{"start":{"line":54,"column":6},"end":{"line":54,"column":24}},"17":{"start":{"line":58,"column":4},"end":{"line":58,"column":18}},"18":{"start":{"line":61,"column":24},"end":{"line":63,"column":19}},"19":{"start":{"line":62,"column":4},"end":{"line":62,"column":24}},"20":{"start":{"line":65,"column":34},"end":{"line":72,"column":3}},"21":{"start":{"line":74,"column":2},"end":{"line":74,"column":79}},"22":{"start":{"line":78,"column":14},"end":{"line":78,"column":37}},"23":{"start":{"line":79,"column":2},"end":{"line":81,"column":3}},"24":{"start":{"line":80,"column":4},"end":{"line":80,"column":66}},"25":{"start":{"line":82,"column":2},"end":{"line":82,"column":13}}},"fnMap":{"0":{"name":"AuthProvider","decl":{"start":{"line":22,"column":16},"end":{"line":22,"column":28}},"loc":{"start":{"line":22,"column":74},"end":{"line":75,"column":1}},"line":22},"1":{"name":"(anonymous_1)","decl":{"start":{"line":29,"column":34},"end":{"line":29,"column":35}},"loc":{"start":{"line":29,"column":46},"end":{"line":32,"column":3}},"line":29},"2":{"name":"(anonymous_2)","decl":{"start":{"line":37,"column":12},"end":{"line":37,"column":13}},"loc":{"start":{"line":37,"column":18},"end":{"line":50,"column":3}},"line":37},"3":{"name":"(anonymous_3)","decl":{"start":{"line":38,"column":5},"end":{"line":38,"column":6}},"loc":{"start":{"line":38,"column":17},"end":{"line":49,"column":5}},"line":38},"4":{"name":"(anonymous_4)","decl":{"start":{"line":52,"column":29},"end":{"line":52,"column":30}},"loc":{"start":{"line":52,"column":41},"end":{"line":59,"column":3}},"line":52},"5":{"name":"(anonymous_5)","decl":{"start":{"line":61,"column":36},"end":{"line":61,"column":37}},"loc":{"start":{"line":61,"column":48},"end":{"line":63,"column":3}},"line":61},"6":{"name":"useAuth","decl":{"start":{"line":77,"column":16},"end":{"line":77,"column":23}},"loc":{"start":{"line":77,"column":44},"end":{"line":83,"column":1}},"line":77}},"branchMap":{"0":{"loc":{"start":{"line":79,"column":2},"end":{"line":81,"column":3}},"type":"if","locations":[{"start":{"line":79,"column":2},"end":{"line":81,"column":3}},{"start":{},"end":{}}],"line":79}},"s":{"0":3,"1":50,"2":50,"3":50,"4":5,"5":4,"6":50,"7":17,"8":17,"9":17,"10":17,"11":15,"12":2,"13":17,"14":50,"15":4,"16":4,"17":4,"18":50,"19":2,"20":50,"21":50,"22":52,"23":52,"24":2,"25":50},"f":{"0":50,"1":5,"2":17,"3":17,"4":4,"5":2,"6":52},"b":{"0":[2,50]},"_coverageSchema":"1a1c01bbd47fc00a2c39e90264f33305004495a9","hash":"b51efe83e2fcec90313cb4b8ea1ccd79ca31a80c"}
,"/Users/pisan/bitbucket/pisanuw/meet/meetmemobile/src/hooks/useCreateMeetingForm.ts": {"path":"/Users/pisan/bitbucket/pisanuw/meet/meetmemobile/src/hooks/useCreateMeetingForm.ts","statementMap":{"0":{"start":{"line":10,"column":28},"end":{"line":12,"column":10}},"1":{"start":{"line":14,"column":49},"end":{"line":17,"column":1}},"2":{"start":{"line":21,"column":26},"end":{"line":21,"column":28}},"3":{"start":{"line":22,"column":12},"end":{"line":22,"column":22}},"4":{"start":{"line":23,"column":2},"end":{"line":29,"column":3}},"5":{"start":{"line":24,"column":4},"end":{"line":24,"column":31}},"6":{"start":{"line":25,"column":14},"end":{"line":25,"column":29}},"7":{"start":{"line":26,"column":15},"end":{"line":26,"column":56}},"8":{"start":{"line":27,"column":16},"end":{"line":27,"column":52}},"9":{"start":{"line":28,"column":4},"end":{"line":28,"column":36}},"10":{"start":{"line":30,"column":2},"end":{"line":30,"column":15}},"11":{"start":{"line":34,"column":17},"end":{"line":34,"column":28}},"12":{"start":{"line":35,"column":43},"end":{"line":35,"column":53}},"13":{"start":{"line":37,"column":28},"end":{"line":37,"column":40}},"14":{"start":{"line":38,"column":40},"end":{"line":38,"column":52}},"15":{"start":{"line":39,"column":42},"end":{"line":39,"column":76}},"16":{"start":{"line":40,"column":44},"end":{"line":40,"column":66}},"17":{"start":{"line":41,"column":42},"end":{"line":41,"column":64}},"18":{"start":{"line":42,"column":36},"end":{"line":42,"column":48}},"19":{"start":{"line":43,"column":32},"end":{"line":43,"column":44}},"20":{"start":{"line":44,"column":38},"end":{"line":44,"column":50}},"21":{"start":{"line":45,"column":36},"end":{"line":45,"column":51}},"22":{"start":{"line":48,"column":4},"end":{"line":50,"column":6}},"23":{"start":{"line":49,"column":6},"end":{"line":49,"column":74}},"24":{"start":{"line":49,"column":45},"end":{"line":49,"column":55}},"25":{"start":{"line":54,"column":4},"end":{"line":56,"column":6}},"26":{"start":{"line":55,"column":6},"end":{"line":55,"column":71}},"27":{"start":{"line":55,"column":44},"end":{"line":55,"column":53}},"28":{"start":{"line":60,"column":4},"end":{"line":63,"column":28}},"29":{"start":{"line":62,"column":16},"end":{"line":62,"column":38}},"30":{"start":{"line":67,"column":4},"end":{"line":67,"column":69}},"31":{"start":{"line":71,"column":4},"end":{"line":71,"column":70}},"32":{"start":{"line":75,"column":4},"end":{"line":78,"column":5}},"33":{"start":{"line":76,"column":6},"end":{"line":76,"column":55}},"34":{"start":{"line":77,"column":6},"end":{"line":77,"column":13}},"35":{"start":{"line":80,"column":18},"end":{"line":80,"column":76}},"36":{"start":{"line":81,"column":4},"end":{"line":89,"column":5}},"37":{"start":{"line":82,"column":6},"end":{"line":87,"column":8}},"38":{"start":{"line":88,"column":6},"end":{"line":88,"column":13}},"39":{"start":{"line":91,"column":4},"end":{"line":94,"column":5}},"40":{"start":{"line":92,"column":6},"end":{"line":92,"column":62}},"41":{"start":{"line":93,"column":6},"end":{"line":93,"column":13}},"42":{"start":{"line":96,"column":4},"end":{"line":96,"column":23}},"43":{"start":{"line":97,"column":4},"end":{"line":112,"column":5}},"44":{"start":{"line":98,"column":22},"end":{"line":106,"column":8}},"45":{"start":{"line":107,"column":6},"end":{"line":107,"column":55}},"46":{"start":{"line":109,"column":6},"end":{"line":109,"column":90}},"47":{"start":{"line":111,"column":6},"end":{"line":111,"column":26}},"48":{"start":{"line":115,"column":2},"end":{"line":135,"column":4}}},"fnMap":{"0":{"name":"nextNDates","decl":{"start":{"line":20,"column":16},"end":{"line":20,"column":26}},"loc":{"start":{"line":20,"column":48},"end":{"line":31,"column":1}},"line":20},"1":{"name":"useCreateMeetingForm","decl":{"start":{"line":33,"column":16},"end":{"line":33,"column":36}},"loc":{"start":{"line":33,"column":39},"end":{"line":136,"column":1}},"line":33},"2":{"name":"toggleDate","decl":{"start":{"line":47,"column":11},"end":{"line":47,"column":21}},"loc":{"start":{"line":47,"column":36},"end":{"line":51,"column":3}},"line":47},"3":{"name":"(anonymous_3)","decl":{"start":{"line":48,"column":21},"end":{"line":48,"column":22}},"loc":{"start":{"line":49,"column":6},"end":{"line":49,"column":74}},"line":49},"4":{"name":"(anonymous_4)","decl":{"start":{"line":49,"column":40},"end":{"line":49,"column":41}},"loc":{"start":{"line":49,"column":45},"end":{"line":49,"column":55}},"line":49},"5":{"name":"toggleDay","decl":{"start":{"line":53,"column":11},"end":{"line":53,"column":20}},"loc":{"start":{"line":53,"column":34},"end":{"line":57,"column":3}},"line":53},"6":{"name":"(anonymous_6)","decl":{"start":{"line":54,"column":20},"end":{"line":54,"column":21}},"loc":{"start":{"line":55,"column":6},"end":{"line":55,"column":71}},"line":55},"7":{"name":"(anonymous_7)","decl":{"start":{"line":55,"column":39},"end":{"line":55,"column":40}},"loc":{"start":{"line":55,"column":44},"end":{"line":55,"column":53}},"line":55},"8":{"name":"parseEmails","decl":{"start":{"line":59,"column":11},"end":{"line":59,"column":22}},"loc":{"start":{"line":59,"column":35},"end":{"line":64,"column":3}},"line":59},"9":{"name":"(anonymous_9)","decl":{"start":{"line":62,"column":11},"end":{"line":62,"column":12}},"loc":{"start":{"line":62,"column":16},"end":{"line":62,"column":38}},"line":62},"10":{"name":"changeStartSlot","decl":{"start":{"line":66,"column":11},"end":{"line":66,"column":26}},"loc":{"start":{"line":66,"column":38},"end":{"line":68,"column":3}},"line":66},"11":{"name":"changeEndSlot","decl":{"start":{"line":70,"column":11},"end":{"line":70,"column":24}},"loc":{"start":{"line":70,"column":36},"end":{"line":72,"column":3}},"line":70},"12":{"name":"handleCreate","decl":{"start":{"line":74,"column":17},"end":{"line":74,"column":29}},"loc":{"start":{"line":74,"column":32},"end":{"line":113,"column":3}},"line":74}},"branchMap":{"0":{"loc":{"start":{"line":49,"column":6},"end":{"line":49,"column":74}},"type":"cond-expr","locations":[{"start":{"line":49,"column":28},"end":{"line":49,"column":56}},{"start":{"line":49,"column":59},"end":{"line":49,"column":74}}],"line":49},"1":{"loc":{"start":{"line":55,"column":6},"end":{"line":55,"column":71}},"type":"cond-expr","locations":[{"start":{"line":55,"column":27},"end":{"line":55,"column":54}},{"start":{"line":55,"column":57},"end":{"line":55,"column":71}}],"line":55},"2":{"loc":{"start":{"line":75,"column":4},"end":{"line":78,"column":5}},"type":"if","locations":[{"start":{"line":75,"column":4},"end":{"line":78,"column":5}},{"start":{},"end":{}}],"line":75},"3":{"loc":{"start":{"line":80,"column":18},"end":{"line":80,"column":76}},"type":"cond-expr","locations":[{"start":{"line":80,"column":48},"end":{"line":80,"column":61}},{"start":{"line":80,"column":64},"end":{"line":80,"column":76}}],"line":80},"4":{"loc":{"start":{"line":81,"column":4},"end":{"line":89,"column":5}},"type":"if","locations":[{"start":{"line":81,"column":4},"end":{"line":89,"column":5}},{"start":{},"end":{}}],"line":81},"5":{"loc":{"start":{"line":83,"column":8},"end":{"line":85,"column":56}},"type":"cond-expr","locations":[{"start":{"line":84,"column":12},"end":{"line":84,"column":45}},{"start":{"line":85,"column":12},"end":{"line":85,"column":56}}],"line":83},"6":{"loc":{"start":{"line":91,"column":4},"end":{"line":94,"column":5}},"type":"if","locations":[{"start":{"line":91,"column":4},"end":{"line":94,"column":5}},{"start":{},"end":{}}],"line":91},"7":{"loc":{"start":{"line":100,"column":21},"end":{"line":100,"column":52}},"type":"binary-expr","locations":[{"start":{"line":100,"column":21},"end":{"line":100,"column":39}},{"start":{"line":100,"column":43},"end":{"line":100,"column":52}}],"line":100},"8":{"loc":{"start":{"line":109,"column":16},"end":{"line":109,"column":79}},"type":"cond-expr","locations":[{"start":{"line":109,"column":39},"end":{"line":109,"column":50}},{"start":{"line":109,"column":53},"end":{"line":109,"column":79}}],"line":109}},"s":{"0":2,"1":2,"2":74,"3":74,"4":74,"5":1018,"6":1018,"7":1018,"8":1018,"9":1018,"10":74,"11":73,"12":73,"13":72,"14":72,"15":72,"16":72,"17":72,"18":72,"19":72,"20":72,"21":72,"22":2,"23":2,"24":1,"25":10,"26":10,"27":2,"28":78,"29":85,"30":1,"31":1,"32":11,"33":2,"34":2,"35":9,"36":9,"37":3,"38":3,"39":6,"40":0,"41":0,"42":6,"43":6,"44":6,"45":3,"46":3,"47":6,"48":72},"f":{"0":74,"1":73,"2":2,"3":2,"4":1,"5":10,"6":10,"7":2,"8":78,"9":85,"10":1,"11":1,"12":11},"b":{"0":[1,1],"1":[2,8],"2":[2,9],"3":[2,7],"4":[3,6],"5":[2,1],"6":[0,6],"7":[6,6],"8":[2,1]},"_coverageSchema":"1a1c01bbd47fc00a2c39e90264f33305004495a9","hash":"771999df2107e1fcae645e16acdd689a005d5660"}
,"/Users/pisan/bitbucket/pisanuw/meet/meetmemobile/src/hooks/useDeepLinkHandler.ts": {"path":"/Users/pisan/bitbucket/pisanuw/meet/meetmemobile/src/hooks/useDeepLinkHandler.ts","statementMap":{"0":{"start":{"line":18,"column":17},"end":{"line":18,"column":28}},"1":{"start":{"line":20,"column":2},"end":{"line":32,"column":15}},"2":{"start":{"line":22,"column":25},"end":{"line":24,"column":6}},"3":{"start":{"line":23,"column":6},"end":{"line":23,"column":29}},"4":{"start":{"line":27,"column":4},"end":{"line":29,"column":7}},"5":{"start":{"line":28,"column":6},"end":{"line":28,"column":38}},"6":{"start":{"line":28,"column":15},"end":{"line":28,"column":38}},"7":{"start":{"line":31,"column":4},"end":{"line":31,"column":39}},"8":{"start":{"line":31,"column":17},"end":{"line":31,"column":38}},"9":{"start":{"line":37,"column":2},"end":{"line":42,"column":3}},"10":{"start":{"line":38,"column":4},"end":{"line":41,"column":7}}},"fnMap":{"0":{"name":"useDeepLinkHandler","decl":{"start":{"line":17,"column":16},"end":{"line":17,"column":34}},"loc":{"start":{"line":17,"column":37},"end":{"line":33,"column":1}},"line":17},"1":{"name":"(anonymous_1)","decl":{"start":{"line":20,"column":12},"end":{"line":20,"column":13}},"loc":{"start":{"line":20,"column":18},"end":{"line":32,"column":3}},"line":20},"2":{"name":"(anonymous_2)","decl":{"start":{"line":22,"column":57},"end":{"line":22,"column":58}},"loc":{"start":{"line":22,"column":70},"end":{"line":24,"column":5}},"line":22},"3":{"name":"(anonymous_3)","decl":{"start":{"line":27,"column":33},"end":{"line":27,"column":34}},"loc":{"start":{"line":27,"column":40},"end":{"line":29,"column":5}},"line":27},"4":{"name":"(anonymous_4)","decl":{"start":{"line":31,"column":11},"end":{"line":31,"column":12}},"loc":{"start":{"line":31,"column":17},"end":{"line":31,"column":38}},"line":31},"5":{"name":"handleUrl","decl":{"start":{"line":35,"column":9},"end":{"line":35,"column":18}},"loc":{"start":{"line":35,"column":92},"end":{"line":43,"column":1}},"line":35}},"branchMap":{"0":{"loc":{"start":{"line":28,"column":6},"end":{"line":28,"column":38}},"type":"if","locations":[{"start":{"line":28,"column":6},"end":{"line":28,"column":38}},{"start":{},"end":{}}],"line":28},"1":{"loc":{"start":{"line":37,"column":2},"end":{"line":42,"column":3}},"type":"if","locations":[{"start":{"line":37,"column":2},"end":{"line":42,"column":3}},{"start":{},"end":{}}],"line":37}},"s":{"0":7,"1":7,"2":7,"3":3,"4":7,"5":7,"6":1,"7":7,"8":7,"9":4,"10":2},"f":{"0":7,"1":7,"2":3,"3":7,"4":7,"5":4},"b":{"0":[1,6],"1":[2,2]},"_coverageSchema":"1a1c01bbd47fc00a2c39e90264f33305004495a9","hash":"1de04b2d6e28709bef9dd8d07b27164a74e88fbe"}
,"/Users/pisan/bitbucket/pisanuw/meet/meetmemobile/src/hooks/useFlash.ts": {"path":"/Users/pisan/bitbucket/pisanuw/meet/meetmemobile/src/hooks/useFlash.ts","statementMap":{"0":{"start":{"line":17,"column":28},"end":{"line":17,"column":61}},"1":{"start":{"line":19,"column":20},"end":{"line":21,"column":8}},"2":{"start":{"line":20,"column":4},"end":{"line":20,"column":32}},"3":{"start":{"line":23,"column":21},"end":{"line":25,"column":8}},"4":{"start":{"line":24,"column":4},"end":{"line":24,"column":19}},"5":{"start":{"line":27,"column":2},"end":{"line":27,"column":42}}},"fnMap":{"0":{"name":"useFlash","decl":{"start":{"line":16,"column":16},"end":{"line":16,"column":24}},"loc":{"start":{"line":16,"column":43},"end":{"line":28,"column":1}},"line":16},"1":{"name":"(anonymous_1)","decl":{"start":{"line":19,"column":32},"end":{"line":19,"column":33}},"loc":{"start":{"line":19,"column":79},"end":{"line":21,"column":3}},"line":19},"2":{"name":"(anonymous_2)","decl":{"start":{"line":23,"column":33},"end":{"line":23,"column":34}},"loc":{"start":{"line":23,"column":39},"end":{"line":25,"column":3}},"line":23}},"branchMap":{"0":{"loc":{"start":{"line":19,"column":50},"end":{"line":19,"column":74}},"type":"default-arg","locations":[{"start":{"line":19,"column":68},"end":{"line":19,"column":74}}],"line":19}},"s":{"0":209,"1":208,"2":30,"3":208,"4":1,"5":208},"f":{"0":209,"1":30,"2":1},"b":{"0":[1]},"_coverageSchema":"1a1c01bbd47fc00a2c39e90264f33305004495a9","hash":"2506f4833b03fbb30da92303bcbc51a590c6ed2a"}
,"/Users/pisan/bitbucket/pisanuw/meet/meetmemobile/src/hooks/useMeeting.ts": {"path":"/Users/pisan/bitbucket/pisanuw/meet/meetmemobile/src/hooks/useMeeting.ts","statementMap":{"0":{"start":{"line":13,"column":32},"end":{"line":13,"column":62}},"1":{"start":{"line":14,"column":36},"end":{"line":14,"column":50}},"2":{"start":{"line":15,"column":28},"end":{"line":15,"column":57}},"3":{"start":{"line":17,"column":16},"end":{"line":29,"column":10}},"4":{"start":{"line":18,"column":4},"end":{"line":18,"column":20}},"5":{"start":{"line":18,"column":13},"end":{"line":18,"column":20}},"6":{"start":{"line":19,"column":4},"end":{"line":19,"column":23}},"7":{"start":{"line":20,"column":4},"end":{"line":20,"column":19}},"8":{"start":{"line":21,"column":4},"end":{"line":28,"column":5}},"9":{"start":{"line":22,"column":21},"end":{"line":22,"column":41}},"10":{"start":{"line":23,"column":6},"end":{"line":23,"column":25}},"11":{"start":{"line":25,"column":6},"end":{"line":25,"column":78}},"12":{"start":{"line":27,"column":6},"end":{"line":27,"column":26}},"13":{"start":{"line":31,"column":2},"end":{"line":33,"column":14}},"14":{"start":{"line":32,"column":4},"end":{"line":32,"column":12}},"15":{"start":{"line":35,"column":2},"end":{"line":35,"column":55}}},"fnMap":{"0":{"name":"useMeeting","decl":{"start":{"line":12,"column":16},"end":{"line":12,"column":26}},"loc":{"start":{"line":12,"column":57},"end":{"line":36,"column":1}},"line":12},"1":{"name":"(anonymous_1)","decl":{"start":{"line":17,"column":28},"end":{"line":17,"column":29}},"loc":{"start":{"line":17,"column":40},"end":{"line":29,"column":3}},"line":17},"2":{"name":"(anonymous_2)","decl":{"start":{"line":31,"column":12},"end":{"line":31,"column":13}},"loc":{"start":{"line":31,"column":18},"end":{"line":33,"column":3}},"line":31}},"branchMap":{"0":{"loc":{"start":{"line":18,"column":4},"end":{"line":18,"column":20}},"type":"if","locations":[{"start":{"line":18,"column":4},"end":{"line":18,"column":20}},{"start":{},"end":{}}],"line":18},"1":{"loc":{"start":{"line":25,"column":15},"end":{"line":25,"column":76}},"type":"cond-expr","locations":[{"start":{"line":25,"column":38},"end":{"line":25,"column":49}},{"start":{"line":25,"column":52},"end":{"line":25,"column":76}}],"line":25}},"s":{"0":7,"1":7,"2":7,"3":7,"4":3,"5":1,"6":2,"7":2,"8":2,"9":2,"10":1,"11":1,"12":2,"13":7,"14":3,"15":7},"f":{"0":7,"1":3,"2":3},"b":{"0":[1,2],"1":[1,0]},"_coverageSchema":"1a1c01bbd47fc00a2c39e90264f33305004495a9","hash":"31706f48ab8a88236ef95bd08ca79911ef403141"}
,"/Users/pisan/bitbucket/pisanuw/meet/meetmemobile/src/hooks/useMeetings.ts": {"path":"/Users/pisan/bitbucket/pisanuw/meet/meetmemobile/src/hooks/useMeetings.ts","statementMap":{"0":{"start":{"line":13,"column":26},"end":{"line":13,"column":69}},"1":{"start":{"line":14,"column":36},"end":{"line":14,"column":50}},"2":{"start":{"line":15,"column":28},"end":{"line":15,"column":57}},"3":{"start":{"line":17,"column":16},"end":{"line":28,"column":8}},"4":{"start":{"line":18,"column":4},"end":{"line":18,"column":23}},"5":{"start":{"line":19,"column":4},"end":{"line":19,"column":19}},"6":{"start":{"line":20,"column":4},"end":{"line":27,"column":5}},"7":{"start":{"line":21,"column":21},"end":{"line":21,"column":41}},"8":{"start":{"line":22,"column":6},"end":{"line":22,"column":22}},"9":{"start":{"line":24,"column":6},"end":{"line":24,"column":79}},"10":{"start":{"line":26,"column":6},"end":{"line":26,"column":26}},"11":{"start":{"line":30,"column":2},"end":{"line":32,"column":14}},"12":{"start":{"line":31,"column":4},"end":{"line":31,"column":12}},"13":{"start":{"line":34,"column":2},"end":{"line":34,"column":52}}},"fnMap":{"0":{"name":"useMeetings","decl":{"start":{"line":12,"column":16},"end":{"line":12,"column":27}},"loc":{"start":{"line":12,"column":49},"end":{"line":35,"column":1}},"line":12},"1":{"name":"(anonymous_1)","decl":{"start":{"line":17,"column":28},"end":{"line":17,"column":29}},"loc":{"start":{"line":17,"column":40},"end":{"line":28,"column":3}},"line":17},"2":{"name":"(anonymous_2)","decl":{"start":{"line":30,"column":12},"end":{"line":30,"column":13}},"loc":{"start":{"line":30,"column":18},"end":{"line":32,"column":3}},"line":30}},"branchMap":{"0":{"loc":{"start":{"line":24,"column":15},"end":{"line":24,"column":77}},"type":"cond-expr","locations":[{"start":{"line":24,"column":38},"end":{"line":24,"column":49}},{"start":{"line":24,"column":52},"end":{"line":24,"column":77}}],"line":24}},"s":{"0":15,"1":15,"2":15,"3":15,"4":5,"5":5,"6":5,"7":5,"8":3,"9":2,"10":5,"11":15,"12":4,"13":15},"f":{"0":15,"1":5,"2":4},"b":{"0":[1,1]},"_coverageSchema":"1a1c01bbd47fc00a2c39e90264f33305004495a9","hash":"dea707af3558984b2cbd0cac27e755fb18e9b117"}
,"/Users/pisan/bitbucket/pisanuw/meet/meetmemobile/src/hooks/useProfileForm.ts": {"path":"/Users/pisan/bitbucket/pisanuw/meet/meetmemobile/src/hooks/useProfileForm.ts","statementMap":{"0":{"start":{"line":7,"column":25},"end":{"line":22,"column":10}},"1":{"start":{"line":25,"column":40},"end":{"line":25,"column":49}},"2":{"start":{"line":26,"column":43},"end":{"line":26,"column":53}},"3":{"start":{"line":28,"column":26},"end":{"line":28,"column":52}},"4":{"start":{"line":29,"column":34},"end":{"line":29,"column":67}},"5":{"start":{"line":30,"column":34},"end":{"line":30,"column":49}},"6":{"start":{"line":31,"column":42},"end":{"line":31,"column":57}},"7":{"start":{"line":33,"column":42},"end":{"line":33,"column":54}},"8":{"start":{"line":34,"column":42},"end":{"line":34,"column":88}},"9":{"start":{"line":35,"column":52},"end":{"line":35,"column":67}},"10":{"start":{"line":38,"column":4},"end":{"line":41,"column":5}},"11":{"start":{"line":39,"column":6},"end":{"line":39,"column":49}},"12":{"start":{"line":40,"column":6},"end":{"line":40,"column":13}},"13":{"start":{"line":42,"column":4},"end":{"line":42,"column":22}},"14":{"start":{"line":43,"column":4},"end":{"line":51,"column":5}},"15":{"start":{"line":44,"column":6},"end":{"line":44,"column":59}},"16":{"start":{"line":45,"column":6},"end":{"line":45,"column":26}},"17":{"start":{"line":46,"column":6},"end":{"line":46,"column":45}},"18":{"start":{"line":48,"column":6},"end":{"line":48,"column":80}},"19":{"start":{"line":50,"column":6},"end":{"line":50,"column":25}},"20":{"start":{"line":55,"column":4},"end":{"line":58,"column":7}},"21":{"start":{"line":57,"column":62},"end":{"line":57,"column":70}},"22":{"start":{"line":62,"column":4},"end":{"line":65,"column":5}},"23":{"start":{"line":63,"column":6},"end":{"line":63,"column":51}},"24":{"start":{"line":64,"column":6},"end":{"line":64,"column":13}},"25":{"start":{"line":66,"column":4},"end":{"line":66,"column":29}},"26":{"start":{"line":66,"column":22},"end":{"line":66,"column":29}},"27":{"start":{"line":68,"column":4},"end":{"line":68,"column":31}},"28":{"start":{"line":69,"column":4},"end":{"line":77,"column":5}},"29":{"start":{"line":70,"column":6},"end":{"line":70,"column":74}},"30":{"start":{"line":71,"column":6},"end":{"line":71,"column":26}},"31":{"start":{"line":72,"column":6},"end":{"line":72,"column":57}},"32":{"start":{"line":74,"column":6},"end":{"line":74,"column":89}},"33":{"start":{"line":76,"column":6},"end":{"line":76,"column":34}},"34":{"start":{"line":81,"column":4},"end":{"line":81,"column":20}},"35":{"start":{"line":82,"column":4},"end":{"line":82,"column":27}},"36":{"start":{"line":85,"column":2},"end":{"line":103,"column":4}}},"fnMap":{"0":{"name":"useProfileForm","decl":{"start":{"line":24,"column":16},"end":{"line":24,"column":30}},"loc":{"start":{"line":24,"column":33},"end":{"line":104,"column":1}},"line":24},"1":{"name":"handleSaveProfile","decl":{"start":{"line":37,"column":17},"end":{"line":37,"column":34}},"loc":{"start":{"line":37,"column":37},"end":{"line":52,"column":3}},"line":37},"2":{"name":"handleLogout","decl":{"start":{"line":54,"column":11},"end":{"line":54,"column":23}},"loc":{"start":{"line":54,"column":26},"end":{"line":59,"column":3}},"line":54},"3":{"name":"(anonymous_3)","decl":{"start":{"line":57,"column":56},"end":{"line":57,"column":57}},"loc":{"start":{"line":57,"column":62},"end":{"line":57,"column":70}},"line":57},"4":{"name":"handleSendFeedback","decl":{"start":{"line":61,"column":17},"end":{"line":61,"column":35}},"loc":{"start":{"line":61,"column":38},"end":{"line":78,"column":3}},"line":61},"5":{"name":"selectTimezone","decl":{"start":{"line":80,"column":11},"end":{"line":80,"column":25}},"loc":{"start":{"line":80,"column":38},"end":{"line":83,"column":3}},"line":80}},"branchMap":{"0":{"loc":{"start":{"line":28,"column":35},"end":{"line":28,"column":51}},"type":"binary-expr","locations":[{"start":{"line":28,"column":35},"end":{"line":28,"column":45}},{"start":{"line":28,"column":49},"end":{"line":28,"column":51}}],"line":28},"1":{"loc":{"start":{"line":29,"column":43},"end":{"line":29,"column":66}},"type":"binary-expr","locations":[{"start":{"line":29,"column":43},"end":{"line":29,"column":57}},{"start":{"line":29,"column":61},"end":{"line":29,"column":66}}],"line":29},"2":{"loc":{"start":{"line":38,"column":4},"end":{"line":41,"column":5}},"type":"if","locations":[{"start":{"line":38,"column":4},"end":{"line":41,"column":5}},{"start":{},"end":{}}],"line":38},"3":{"loc":{"start":{"line":48,"column":16},"end":{"line":48,"column":69}},"type":"cond-expr","locations":[{"start":{"line":48,"column":39},"end":{"line":48,"column":50}},{"start":{"line":48,"column":53},"end":{"line":48,"column":69}}],"line":48},"4":{"loc":{"start":{"line":62,"column":4},"end":{"line":65,"column":5}},"type":"if","locations":[{"start":{"line":62,"column":4},"end":{"line":65,"column":5}},{"start":{},"end":{}}],"line":62},"5":{"loc":{"start":{"line":66,"column":4},"end":{"line":66,"column":29}},"type":"if","locations":[{"start":{"line":66,"column":4},"end":{"line":66,"column":29}},{"start":{},"end":{}}],"line":66},"6":{"loc":{"start":{"line":74,"column":16},"end":{"line":74,"column":78}},"type":"cond-expr","locations":[{"start":{"line":74,"column":39},"end":{"line":74,"column":50}},{"start":{"line":74,"column":53},"end":{"line":74,"column":78}}],"line":74}},"s":{"0":2,"1":71,"2":71,"3":71,"4":71,"5":71,"6":71,"7":71,"8":71,"9":71,"10":8,"11":2,"12":2,"13":6,"14":6,"15":6,"16":3,"17":3,"18":3,"19":6,"20":1,"21":1,"22":6,"23":2,"24":2,"25":4,"26":0,"27":4,"28":4,"29":4,"30":2,"31":2,"32":2,"33":4,"34":2,"35":2,"36":71},"f":{"0":71,"1":8,"2":1,"3":1,"4":6,"5":2},"b":{"0":[71,0],"1":[71,0],"2":[2,6],"3":[2,1],"4":[2,4],"5":[0,4],"6":[1,1]},"_coverageSchema":"1a1c01bbd47fc00a2c39e90264f33305004495a9","hash":"69af8b2b7731940ce967e2179bc7012f551ea4fc"}
,"/Users/pisan/bitbucket/pisanuw/meet/meetmemobile/src/utils/validation.ts": {"path":"/Users/pisan/bitbucket/pisanuw/meet/meetmemobile/src/utils/validation.ts","statementMap":{"0":{"start":{"line":3,"column":2},"end":{"line":3,"column":57}}},"fnMap":{"0":{"name":"isValidEmail","decl":{"start":{"line":2,"column":16},"end":{"line":2,"column":28}},"loc":{"start":{"line":2,"column":53},"end":{"line":4,"column":1}},"line":2}},"branchMap":{},"s":{"0":106},"f":{"0":106},"b":{},"_coverageSchema":"1a1c01bbd47fc00a2c39e90264f33305004495a9","hash":"85cfdf41b3d418503a274c3b580a6623f8a512ee"}
}
