TN:
SF:src/config.ts
FN:62,slotToTime
FN:72,slotToTimeStr
FN:80,timeStrToSlot
FN:96,formatDate
FN:106,getDateLabel
FNF:5
FNH:5
FNDA:902,slotToTime
FNDA:9,slotToTimeStr
FNDA:18,timeStrToSlot
FNDA:18,formatDate
FNDA:19,getDateLabel
DA:5,16
DA:8,16
DA:30,16
DA:48,16
DA:57,16
DA:58,16
DA:59,16
DA:63,902
DA:64,902
DA:65,902
DA:66,902
DA:67,902
DA:68,902
DA:73,9
DA:74,9
DA:75,9
DA:76,9
DA:81,18
DA:82,18
DA:83,0
DA:84,0
DA:86,18
DA:87,18
DA:88,18
DA:89,0
DA:90,0
DA:92,18
DA:97,18
DA:98,18
DA:107,19
DA:108,16
LF:31
LH:27
BRDA:5,0,0,16
BRDA:5,0,1,16
BRDA:66,1,0,719
BRDA:66,1,1,183
BRDA:67,2,0,1
BRDA:67,2,1,901
BRDA:67,3,0,40
BRDA:67,3,1,861
BRDA:82,4,0,0
BRDA:82,4,1,18
BRDA:88,5,0,0
BRDA:88,5,1,18
BRDA:88,6,0,18
BRDA:88,6,1,18
BRDA:107,7,0,3
BRDA:107,7,1,16
BRF:16
BRH:14
end_of_record
TN:
SF:src/api/auth.ts
FN:20,sendMagicLink
FN:28,getMe
FN:48,logout
FN:56,updateProfile
FN:71,submitFeedback
FNF:5
FNH:5
FNDA:2,sendMagicLink
FNDA:4,getMe
FNDA:1,logout
FNDA:2,updateProfile
FNDA:1,submitFeedback
DA:21,2
DA:29,4
DA:30,4
DA:31,2
DA:38,2
DA:39,1
DA:41,1
DA:49,1
DA:57,2
DA:58,2
DA:59,2
DA:60,2
DA:76,1
LF:13
LH:13
BRDA:38,0,0,1
BRDA:38,0,1,1
BRDA:38,1,0,2
BRDA:38,1,1,2
BRDA:38,1,2,2
BRDA:57,2,0,2
BRDA:57,2,1,0
BRDA:58,3,0,2
BRDA:58,3,1,0
BRF:9
BRH:7
end_of_record
TN:
SF:src/api/client.ts
FN:16,(anonymous_0)
FN:25,request
FN:61,get
FN:65,post
FN:72,patch
FN:79,del
FNF:6
FNH:6
FNDA:6,(anonymous_0)
FNDA:11,request
FNDA:6,get
FNDA:3,post
FNDA:1,patch
FNDA:1,del
DA:20,6
DA:21,6
DA:29,11
DA:31,11
DA:41,10
DA:42,3
DA:43,3
DA:44,3
DA:48,3
DA:52,7
DA:53,1
DA:56,6
DA:62,6
DA:66,3
DA:73,1
DA:80,1
LF:16
LH:16
BRDA:20,0,0,6
BRDA:20,0,1,1
BRDA:27,1,0,0
BRDA:41,2,0,3
BRDA:41,2,1,7
BRDA:52,3,0,1
BRDA:52,3,1,6
BRDA:68,4,0,1
BRDA:68,4,1,2
BRDA:75,5,0,1
BRDA:75,5,1,0
BRF:11
BRH:9
end_of_record
TN:
SF:src/api/meetings.ts
FN:83,parseSlotString
FN:94,buildFinalizedSlot
FN:104,mapScheduleMode
FN:108,mapListItem
FN:122,mapMeeting
FN:144,listMeetings
FN:147,(anonymous_6)
FN:148,(anonymous_7)
FN:153,getMeeting
FN:160,(anonymous_9)
FN:161,(anonymous_10)
FN:164,(anonymous_11)
FN:176,(anonymous_12)
FN:177,(anonymous_13)
FN:183,createMeeting
FN:197,deleteMeeting
FN:202,leaveMeeting
FN:209,submitAvailability
FN:213,(anonymous_18)
FN:220,finalizeMeeting
FN:233,sendReminders
FNF:21
FNH:21
FNDA:6,parseSlotString
FNDA:12,buildFinalizedSlot
FNDA:12,mapScheduleMode
FNDA:6,mapListItem
FNDA:6,mapMeeting
FNDA:5,listMeetings
FNDA:5,(anonymous_6)
FNDA:1,(anonymous_7)
FNDA:6,getMeeting
FNDA:12,(anonymous_9)
FNDA:12,(anonymous_10)
FNDA:12,(anonymous_11)
FNDA:12,(anonymous_12)
FNDA:12,(anonymous_13)
FNDA:3,createMeeting
FNDA:1,deleteMeeting
FNDA:1,leaveMeeting
FNDA:2,submitAvailability
FNDA:1,(anonymous_18)
FNDA:2,finalizeMeeting
FNDA:1,sendReminders
DA:84,6
DA:85,6
DA:86,0
DA:87,0
DA:89,6
DA:90,6
DA:91,6
DA:95,12
DA:96,0
DA:105,12
DA:109,6
DA:123,6
DA:145,5
DA:146,5
DA:147,5
DA:148,1
DA:154,6
DA:155,6
DA:158,6
DA:160,12
DA:161,12
DA:164,6
DA:165,12
DA:166,12
DA:175,6
DA:176,12
DA:177,12
DA:179,6
DA:184,3
DA:193,3
DA:198,1
DA:203,1
DA:213,2
DA:214,2
DA:224,2
DA:234,1
LF:36
LH:33
BRDA:85,0,0,0
BRDA:85,0,1,6
BRDA:95,1,0,12
BRDA:95,1,1,0
BRDA:95,2,0,12
BRDA:95,2,1,0
BRDA:98,3,0,0
BRDA:98,3,1,0
BRDA:99,4,0,0
BRDA:99,4,1,0
BRDA:100,5,0,0
BRDA:100,5,1,0
BRDA:105,6,0,1
BRDA:105,6,1,11
BRDA:113,7,0,6
BRDA:113,7,1,0
BRDA:115,8,0,6
BRDA:115,8,1,0
BRDA:116,9,0,6
BRDA:116,9,1,0
BRDA:117,10,0,6
BRDA:117,10,1,0
BRDA:126,11,0,6
BRDA:126,11,1,0
BRDA:128,12,0,6
BRDA:128,12,1,0
BRDA:130,13,0,6
BRDA:130,13,1,0
BRDA:131,14,0,6
BRDA:131,14,1,0
BRDA:132,15,0,6
BRDA:132,15,1,0
BRDA:136,16,0,6
BRDA:136,16,1,0
BRDA:137,17,0,6
BRDA:137,17,1,0
BRDA:147,18,0,5
BRDA:147,18,1,0
BRDA:148,19,0,5
BRDA:148,19,1,0
BRDA:159,20,0,6
BRDA:159,20,1,0
BRDA:165,21,0,12
BRDA:165,21,1,0
BRDA:167,22,0,12
BRDA:167,22,1,0
BRDA:169,23,0,12
BRDA:169,23,1,0
BRDA:169,23,2,0
BRDA:175,24,0,6
BRDA:175,24,1,0
BRDA:187,25,0,1
BRDA:187,25,1,2
BRDA:228,26,0,2
BRDA:228,26,1,1
BRF:55
BRH:27
end_of_record
TN:
SF:src/components/AvailabilityGrid.tsx
FN:25,slotsToSet
FN:26,(anonymous_1)
FN:29,setToSlots
FN:30,(anonymous_3)
FN:36,AvailabilityGrid
FN:44,(anonymous_5)
FN:47,(anonymous_6)
FN:49,(anonymous_7)
FN:73,(anonymous_8)
FN:93,(anonymous_9)
FN:101,(anonymous_10)
FN:110,(anonymous_11)
FNF:12
FNH:12
FNDA:11,slotsToSet
FNDA:10,(anonymous_1)
FNDA:3,setToSlots
FNDA:2,(anonymous_3)
FNDA:18,AvailabilityGrid
FNDA:11,(anonymous_5)
FNDA:3,(anonymous_6)
FNDA:3,(anonymous_7)
FNDA:168,(anonymous_8)
FNDA:30,(anonymous_9)
FNDA:216,(anonymous_10)
FNDA:3,(anonymous_11)
DA:21,2
DA:22,2
DA:23,2
DA:26,11
DA:30,3
DA:31,2
DA:32,2
DA:44,18
DA:46,18
DA:48,3
DA:49,3
DA:50,3
DA:51,3
DA:52,2
DA:54,1
DA:56,3
DA:57,3
DA:63,18
DA:65,18
DA:74,168
DA:75,168
DA:76,42
DA:94,30
DA:102,216
DA:103,216
DA:104,216
DA:105,216
DA:107,216
DA:110,3
DA:136,2
LF:30
LH:30
BRDA:51,0,0,2
BRDA:51,0,1,1
BRDA:75,1,0,126
BRDA:75,1,1,42
BRDA:97,2,0,2
BRDA:97,2,1,28
BRDA:113,3,0,16
BRDA:113,3,1,200
BRDA:114,4,0,216
BRDA:114,4,1,54
BRDA:117,5,0,16
BRDA:117,5,1,200
BRDA:129,6,0,8
BRDA:129,6,1,10
BRDA:130,7,0,12
BRDA:130,7,1,6
BRF:16
BRH:16
end_of_record
TN:
SF:src/components/Button.tsx
FN:27,Button
FNF:1
FNH:1
FNDA:15,Button
DA:37,15
DA:39,15
DA:69,1
LF:3
LH:3
BRDA:30,0,0,11
BRDA:31,1,0,12
BRDA:32,2,0,13
BRDA:33,3,0,14
BRDA:37,4,0,15
BRDA:37,4,1,14
BRDA:47,5,0,15
BRDA:47,5,1,3
BRDA:55,6,0,2
BRDA:55,6,1,13
BRDA:57,7,0,2
BRDA:57,7,1,0
BRDA:57,8,0,2
BRDA:57,8,1,0
BRF:14
BRH:12
end_of_record
TN:
SF:src/components/Card.tsx
FN:11,Card
FNF:1
FNH:1
FNDA:339,Card
DA:12,339
DA:19,5
LF:2
LH:2
BRF:0
BRH:0
end_of_record
TN:
SF:src/components/ErrorBoundary.tsx
FN:15,(anonymous_0)
FN:20,(anonymous_1)
FN:26,(anonymous_2)
FN:31,(anonymous_3)
FN:35,(anonymous_4)
FNF:5
FNH:0
FNDA:0,(anonymous_0)
FNDA:0,(anonymous_1)
FNDA:0,(anonymous_2)
FNDA:0,(anonymous_3)
FNDA:0,(anonymous_4)
DA:16,0
DA:17,0
DA:22,0
DA:23,0
DA:28,0
DA:31,0
DA:32,0
DA:36,0
DA:37,0
DA:47,0
DA:51,0
LF:11
LH:0
BRDA:22,0,0,0
BRDA:22,0,1,0
BRDA:36,1,0,0
BRDA:36,1,1,0
BRF:4
BRH:0
end_of_record
TN:
SF:src/components/FlashMessage.tsx
FN:28,FlashMessage
FN:36,(anonymous_1)
FN:44,(anonymous_2)
FN:49,(anonymous_3)
FN:51,(anonymous_4)
FNF:5
FNH:5
FNDA:4,FlashMessage
FNDA:4,(anonymous_1)
FNDA:1,(anonymous_2)
FNDA:1,(anonymous_3)
FNDA:4,(anonymous_4)
DA:16,1
DA:22,1
DA:34,4
DA:36,4
DA:37,4
DA:43,4
DA:44,4
DA:45,1
DA:49,1
DA:51,4
DA:55,4
DA:57,4
DA:65,1
LF:13
LH:13
BRDA:30,0,0,2
BRDA:31,1,0,3
BRDA:43,2,0,4
BRDA:43,2,1,0
BRF:4
BRH:3
end_of_record
TN:
SF:src/components/HeatmapGrid.tsx
FN:18,heatColor
FN:27,buildHeatmap
FN:39,buildTimeLabels
FN:53,HeatmapGrid
FN:56,(anonymous_4)
FN:58,(anonymous_5)
FN:60,(anonymous_6)
FN:76,(anonymous_7)
FN:87,(anonymous_8)
FN:97,(anonymous_9)
FN:107,(anonymous_10)
FN:125,(anonymous_11)
FNF:12
FNH:11
FNDA:625,heatColor
FNDA:12,buildHeatmap
FNDA:12,buildTimeLabels
FNDA:25,HeatmapGrid
FNDA:50,(anonymous_4)
FNDA:12,(anonymous_5)
FNDA:12,(anonymous_6)
FNDA:125,(anonymous_7)
FNDA:25,(anonymous_8)
FNDA:500,(anonymous_9)
FNDA:0,(anonymous_10)
FNDA:125,(anonymous_11)
DA:19,625
DA:20,125
DA:21,100
DA:22,50
DA:23,25
DA:28,12
DA:29,12
DA:30,24
DA:31,12
DA:32,12
DA:35,12
DA:40,12
DA:41,12
DA:42,240
DA:43,60
DA:46,12
DA:49,1
DA:50,1
DA:51,1
DA:54,25
DA:55,25
DA:56,50
DA:58,25
DA:59,25
DA:60,12
DA:64,25
DA:66,25
DA:77,125
DA:88,25
DA:98,500
DA:99,500
DA:100,500
DA:101,500
DA:102,500
DA:104,500
DA:107,0
DA:126,125
DA:137,1
LF:38
LH:37
BRDA:19,0,0,500
BRDA:19,0,1,125
BRDA:20,1,0,25
BRDA:20,1,1,100
BRDA:21,2,0,50
BRDA:21,2,1,50
BRDA:22,3,0,25
BRDA:22,3,1,25
BRDA:32,4,0,12
BRDA:32,4,1,12
BRDA:42,5,0,60
BRDA:42,5,1,180
BRDA:56,6,0,50
BRDA:56,6,1,25
BRDA:92,7,0,0
BRDA:92,7,1,25
BRDA:99,8,0,500
BRDA:99,8,1,475
BRDA:100,9,0,500
BRDA:100,9,1,0
BRDA:111,10,0,500
BRDA:111,10,1,125
BRF:22
BRH:20
end_of_record
TN:
SF:src/components/LoadingScreen.tsx
FN:9,LoadingScreen
FNF:1
FNH:1
FNDA:3,LoadingScreen
DA:10,3
DA:18,1
LF:2
LH:2
BRDA:13,0,0,1
BRDA:13,0,1,2
BRF:2
BRH:2
end_of_record
TN:
SF:src/components/MeetingCard.tsx
FN:14,MeetingCard
FNF:1
FNH:1
FNDA:11,MeetingCard
DA:15,11
DA:17,11
DA:21,11
DA:22,11
DA:23,11
DA:25,11
DA:80,2
LF:7
LH:7
BRDA:17,0,0,11
BRDA:17,0,1,0
BRDA:22,1,0,11
BRDA:22,1,1,0
BRDA:23,2,0,7
BRDA:23,2,1,4
BRDA:26,3,0,11
BRDA:26,3,1,11
BRDA:30,4,0,1
BRDA:30,4,1,10
BRDA:32,5,0,1
BRDA:32,5,1,10
BRDA:34,6,0,1
BRDA:34,6,1,10
BRDA:36,7,0,1
BRDA:36,7,1,10
BRDA:37,8,0,1
BRDA:37,8,1,10
BRDA:51,9,0,7
BRDA:51,9,1,4
BRDA:56,10,0,11
BRDA:56,10,1,10
BRDA:67,11,0,11
BRDA:67,11,1,1
BRDA:67,11,2,1
BRF:25
BRH:23
end_of_record
TN:
SF:src/context/AuthContext.tsx
FN:22,AuthProvider
FN:29,(anonymous_1)
FN:37,(anonymous_2)
FN:38,(anonymous_3)
FN:52,(anonymous_4)
FN:61,(anonymous_5)
FN:77,useAuth
FNF:7
FNH:7
FNDA:50,AuthProvider
FNDA:5,(anonymous_1)
FNDA:17,(anonymous_2)
FNDA:17,(anonymous_3)
FNDA:4,(anonymous_4)
FNDA:2,(anonymous_5)
FNDA:52,useAuth
DA:20,3
DA:23,50
DA:24,50
DA:29,50
DA:30,5
DA:31,4
DA:37,50
DA:38,17
DA:39,17
DA:40,17
DA:41,17
DA:42,15
DA:45,2
DA:47,17
DA:52,50
DA:53,4
DA:54,4
DA:58,4
DA:61,50
DA:62,2
DA:65,50
DA:74,50
DA:78,52
DA:79,52
DA:80,2
DA:82,50
LF:26
LH:26
BRDA:79,0,0,2
BRDA:79,0,1,50
BRF:2
BRH:2
end_of_record
TN:
SF:src/hooks/useCreateMeetingForm.ts
FN:20,nextNDates
FN:33,useCreateMeetingForm
FN:47,toggleDate
FN:48,(anonymous_3)
FN:49,(anonymous_4)
FN:53,toggleDay
FN:54,(anonymous_6)
FN:55,(anonymous_7)
FN:59,parseEmails
FN:62,(anonymous_9)
FN:66,changeStartSlot
FN:70,changeEndSlot
FN:74,handleCreate
FNF:13
FNH:13
FNDA:74,nextNDates
FNDA:73,useCreateMeetingForm
FNDA:2,toggleDate
FNDA:2,(anonymous_3)
FNDA:1,(anonymous_4)
FNDA:10,toggleDay
FNDA:10,(anonymous_6)
FNDA:2,(anonymous_7)
FNDA:78,parseEmails
FNDA:85,(anonymous_9)
FNDA:1,changeStartSlot
FNDA:1,changeEndSlot
FNDA:11,handleCreate
DA:10,2
DA:14,2
DA:21,74
DA:22,74
DA:23,74
DA:24,1018
DA:25,1018
DA:26,1018
DA:27,1018
DA:28,1018
DA:30,74
DA:34,73
DA:35,73
DA:37,72
DA:38,72
DA:39,72
DA:40,72
DA:41,72
DA:42,72
DA:43,72
DA:44,72
DA:45,72
DA:48,2
DA:49,2
DA:54,10
DA:55,10
DA:60,78
DA:62,85
DA:67,1
DA:71,1
DA:75,11
DA:76,2
DA:77,2
DA:80,9
DA:81,9
DA:82,3
DA:88,3
DA:91,6
DA:92,0
DA:93,0
DA:96,6
DA:97,6
DA:98,6
DA:107,3
DA:109,3
DA:111,6
DA:115,72
LF:47
LH:45
BRDA:49,0,0,1
BRDA:49,0,1,1
BRDA:55,1,0,2
BRDA:55,1,1,8
BRDA:75,2,0,2
BRDA:75,2,1,9
BRDA:80,3,0,2
BRDA:80,3,1,7
BRDA:81,4,0,3
BRDA:81,4,1,6
BRDA:83,5,0,2
BRDA:83,5,1,1
BRDA:91,6,0,0
BRDA:91,6,1,6
BRDA:100,7,0,6
BRDA:100,7,1,6
BRDA:109,8,0,2
BRDA:109,8,1,1
BRF:18
BRH:17
end_of_record
TN:
SF:src/hooks/useDeepLinkHandler.ts
FN:17,useDeepLinkHandler
FN:20,(anonymous_1)
FN:22,(anonymous_2)
FN:27,(anonymous_3)
FN:31,(anonymous_4)
FN:35,handleUrl
FNF:6
FNH:6
FNDA:7,useDeepLinkHandler
FNDA:7,(anonymous_1)
FNDA:3,(anonymous_2)
FNDA:7,(anonymous_3)
FNDA:7,(anonymous_4)
FNDA:4,handleUrl
DA:18,7
DA:20,7
DA:22,7
DA:23,3
DA:27,7
DA:28,7
DA:31,7
DA:37,4
DA:38,2
LF:9
LH:9
BRDA:28,0,0,1
BRDA:28,0,1,6
BRDA:37,1,0,2
BRDA:37,1,1,2
BRF:4
BRH:4
end_of_record
TN:
SF:src/hooks/useFlash.ts
FN:16,useFlash
FN:19,(anonymous_1)
FN:23,(anonymous_2)
FNF:3
FNH:3
FNDA:209,useFlash
FNDA:30,(anonymous_1)
FNDA:1,(anonymous_2)
DA:17,209
DA:19,208
DA:20,30
DA:23,208
DA:24,1
DA:27,208
LF:6
LH:6
BRDA:19,0,0,1
BRF:1
BRH:1
end_of_record
TN:
SF:src/hooks/useMeeting.ts
FN:12,useMeeting
FN:17,(anonymous_1)
FN:31,(anonymous_2)
FNF:3
FNH:3
FNDA:7,useMeeting
FNDA:3,(anonymous_1)
FNDA:3,(anonymous_2)
DA:13,7
DA:14,7
DA:15,7
DA:17,7
DA:18,3
DA:19,2
DA:20,2
DA:21,2
DA:22,2
DA:23,1
DA:25,1
DA:27,2
DA:31,7
DA:32,3
DA:35,7
LF:15
LH:15
BRDA:18,0,0,1
BRDA:18,0,1,2
BRDA:25,1,0,1
BRDA:25,1,1,0
BRF:4
BRH:3
end_of_record
TN:
SF:src/hooks/useMeetings.ts
FN:12,useMeetings
FN:17,(anonymous_1)
FN:30,(anonymous_2)
FNF:3
FNH:3
FNDA:15,useMeetings
FNDA:5,(anonymous_1)
FNDA:4,(anonymous_2)
DA:13,15
DA:14,15
DA:15,15
DA:17,15
DA:18,5
DA:19,5
DA:20,5
DA:21,5
DA:22,3
DA:24,2
DA:26,5
DA:30,15
DA:31,4
DA:34,15
LF:14
LH:14
BRDA:24,0,0,1
BRDA:24,0,1,1
BRF:2
BRH:2
end_of_record
TN:
SF:src/hooks/useProfileForm.ts
FN:24,useProfileForm
FN:37,handleSaveProfile
FN:54,handleLogout
FN:57,(anonymous_3)
FN:61,handleSendFeedback
FN:80,selectTimezone
FNF:6
FNH:6
FNDA:71,useProfileForm
FNDA:8,handleSaveProfile
FNDA:1,handleLogout
FNDA:1,(anonymous_3)
FNDA:6,handleSendFeedback
FNDA:2,selectTimezone
DA:7,2
DA:25,71
DA:26,71
DA:28,71
DA:29,71
DA:30,71
DA:31,71
DA:33,71
DA:34,71
DA:35,71
DA:38,8
DA:39,2
DA:40,2
DA:42,6
DA:43,6
DA:44,6
DA:45,3
DA:46,3
DA:48,3
DA:50,6
DA:55,1
DA:57,1
DA:62,6
DA:63,2
DA:64,2
DA:66,4
DA:68,4
DA:69,4
DA:70,4
DA:71,2
DA:72,2
DA:74,2
DA:76,4
DA:81,2
DA:82,2
DA:85,71
LF:36
LH:36
BRDA:28,0,0,71
BRDA:28,0,1,0
BRDA:29,1,0,71
BRDA:29,1,1,0
BRDA:38,2,0,2
BRDA:38,2,1,6
BRDA:48,3,0,2
BRDA:48,3,1,1
BRDA:62,4,0,2
BRDA:62,4,1,4
BRDA:66,5,0,0
BRDA:66,5,1,4
BRDA:74,6,0,1
BRDA:74,6,1,1
BRF:14
BRH:11
end_of_record
TN:
SF:src/utils/validation.ts
FN:2,isValidEmail
FNF:1
FNH:1
FNDA:106,isValidEmail
DA:3,106
LF:1
LH:1
BRF:0
BRH:0
end_of_record
