TN:
SF:src/config.ts
FN:56,slotToTime
FN:66,slotToTimeStr
FN:74,timeStrToSlot
FN:80,formatDate
FN:90,getDateLabel
FNF:5
FNH:5
FNDA:794,slotToTime
FNDA:9,slotToTimeStr
FNDA:18,timeStrToSlot
FNDA:18,formatDate
FNDA:19,getDateLabel
DA:1,14
DA:3,14
DA:25,14
DA:43,14
DA:52,14
DA:53,14
DA:57,794
DA:58,794
DA:59,794
DA:60,794
DA:61,794
DA:62,794
DA:67,9
DA:68,9
DA:69,9
DA:70,9
DA:75,18
DA:76,18
DA:81,18
DA:82,18
DA:91,19
DA:92,16
LF:22
LH:22
BRDA:60,0,0,611
BRDA:60,0,1,183
BRDA:61,1,0,1
BRDA:61,1,1,793
BRDA:61,2,0,40
BRDA:61,2,1,753
BRDA:76,3,0,18
BRDA:76,3,1,0
BRDA:76,4,0,18
BRDA:76,4,1,0
BRDA:91,5,0,3
BRDA:91,5,1,16
BRF:12
BRH:10
end_of_record
TN:
SF:src/api/auth.ts
FN:20,sendMagicLink
FN:28,getMe
FN:48,logout
FN:56,updateProfile
FN:71,submitFeedback
FNF:5
FNH:5
FNDA:2,sendMagicLink
FNDA:4,getMe
FNDA:1,logout
FNDA:2,updateProfile
FNDA:1,submitFeedback
DA:21,2
DA:29,4
DA:30,4
DA:31,2
DA:38,2
DA:39,1
DA:41,1
DA:49,1
DA:57,2
DA:58,2
DA:59,2
DA:60,2
DA:76,1
LF:13
LH:13
BRDA:38,0,0,1
BRDA:38,0,1,1
BRDA:38,1,0,2
BRDA:38,1,1,2
BRDA:38,1,2,2
BRDA:57,2,0,2
BRDA:57,2,1,0
BRDA:58,3,0,2
BRDA:58,3,1,0
BRF:9
BRH:7
end_of_record
TN:
SF:src/api/client.ts
FN:16,(anonymous_0)
FN:25,request
FN:61,get
FN:65,post
FN:72,patch
FN:79,del
FNF:6
FNH:6
FNDA:6,(anonymous_0)
FNDA:11,request
FNDA:6,get
FNDA:3,post
FNDA:1,patch
FNDA:1,del
DA:20,6
DA:21,6
DA:29,11
DA:31,11
DA:41,10
DA:42,3
DA:43,3
DA:44,3
DA:48,3
DA:52,7
DA:53,1
DA:56,6
DA:62,6
DA:66,3
DA:73,1
DA:80,1
LF:16
LH:16
BRDA:20,0,0,6
BRDA:20,0,1,1
BRDA:27,1,0,0
BRDA:41,2,0,3
BRDA:41,2,1,7
BRDA:52,3,0,1
BRDA:52,3,1,6
BRDA:68,4,0,1
BRDA:68,4,1,2
BRDA:75,5,0,1
BRDA:75,5,1,0
BRF:11
BRH:9
end_of_record
TN:
SF:src/api/meetings.ts
FN:83,parseSlotString
FN:90,buildFinalizedSlot
FN:100,mapScheduleMode
FN:104,mapListItem
FN:118,mapMeeting
FN:140,listMeetings
FN:143,(anonymous_6)
FN:144,(anonymous_7)
FN:149,getMeeting
FN:153,(anonymous_9)
FN:165,(anonymous_10)
FN:166,(anonymous_11)
FN:172,createMeeting
FN:186,deleteMeeting
FN:191,leaveMeeting
FN:198,submitAvailability
FN:202,(anonymous_16)
FN:209,finalizeMeeting
FN:222,sendReminders
FNF:19
FNH:19
FNDA:6,parseSlotString
FNDA:12,buildFinalizedSlot
FNDA:12,mapScheduleMode
FNDA:6,mapListItem
FNDA:6,mapMeeting
FNDA:5,listMeetings
FNDA:5,(anonymous_6)
FNDA:1,(anonymous_7)
FNDA:6,getMeeting
FNDA:12,(anonymous_9)
FNDA:12,(anonymous_10)
FNDA:12,(anonymous_11)
FNDA:3,createMeeting
FNDA:1,deleteMeeting
FNDA:1,leaveMeeting
FNDA:2,submitAvailability
FNDA:1,(anonymous_16)
FNDA:2,finalizeMeeting
FNDA:1,sendReminders
DA:84,6
DA:85,6
DA:86,6
DA:87,6
DA:91,12
DA:92,0
DA:101,12
DA:105,6
DA:119,6
DA:141,5
DA:142,5
DA:143,5
DA:144,1
DA:150,6
DA:151,6
DA:153,6
DA:154,12
DA:155,12
DA:164,6
DA:165,12
DA:166,12
DA:168,6
DA:173,3
DA:182,3
DA:187,1
DA:192,1
DA:202,2
DA:203,2
DA:213,2
DA:223,1
LF:30
LH:29
BRDA:91,0,0,12
BRDA:91,0,1,0
BRDA:91,1,0,12
BRDA:91,1,1,0
BRDA:94,2,0,0
BRDA:94,2,1,0
BRDA:95,3,0,0
BRDA:95,3,1,0
BRDA:96,4,0,0
BRDA:96,4,1,0
BRDA:101,5,0,1
BRDA:101,5,1,11
BRDA:109,6,0,6
BRDA:109,6,1,0
BRDA:111,7,0,6
BRDA:111,7,1,0
BRDA:112,8,0,6
BRDA:112,8,1,0
BRDA:113,9,0,6
BRDA:113,9,1,0
BRDA:122,10,0,6
BRDA:122,10,1,0
BRDA:124,11,0,6
BRDA:124,11,1,0
BRDA:126,12,0,6
BRDA:126,12,1,0
BRDA:127,13,0,6
BRDA:127,13,1,0
BRDA:128,14,0,6
BRDA:128,14,1,0
BRDA:132,15,0,6
BRDA:132,15,1,0
BRDA:133,16,0,6
BRDA:133,16,1,0
BRDA:143,17,0,5
BRDA:143,17,1,0
BRDA:144,18,0,5
BRDA:144,18,1,0
BRDA:156,19,0,12
BRDA:156,19,1,0
BRDA:158,20,0,12
BRDA:158,20,1,0
BRDA:158,20,2,0
BRDA:160,21,0,6
BRDA:160,21,1,6
BRDA:164,22,0,6
BRDA:164,22,1,0
BRDA:176,23,0,1
BRDA:176,23,1,2
BRDA:217,24,0,2
BRDA:217,24,1,1
BRF:51
BRH:26
end_of_record
TN:
SF:src/components/AvailabilityGrid.tsx
FN:25,slotsToSet
FN:26,(anonymous_1)
FN:29,setToSlots
FN:30,(anonymous_3)
FN:36,AvailabilityGrid
FN:44,(anonymous_5)
FN:47,(anonymous_6)
FN:49,(anonymous_7)
FN:73,(anonymous_8)
FN:93,(anonymous_9)
FN:101,(anonymous_10)
FN:110,(anonymous_11)
FNF:12
FNH:7
FNDA:2,slotsToSet
FNDA:2,(anonymous_1)
FNDA:0,setToSlots
FNDA:0,(anonymous_3)
FNDA:6,AvailabilityGrid
FNDA:2,(anonymous_5)
FNDA:0,(anonymous_6)
FNDA:0,(anonymous_7)
FNDA:120,(anonymous_8)
FNDA:6,(anonymous_9)
FNDA:120,(anonymous_10)
FNDA:0,(anonymous_11)
DA:21,1
DA:22,1
DA:23,1
DA:26,2
DA:30,0
DA:31,0
DA:32,0
DA:44,6
DA:46,6
DA:48,0
DA:49,0
DA:50,0
DA:51,0
DA:52,0
DA:54,0
DA:56,0
DA:57,0
DA:63,6
DA:65,6
DA:74,120
DA:75,120
DA:76,30
DA:94,6
DA:102,120
DA:103,120
DA:104,120
DA:105,120
DA:107,120
DA:110,0
DA:136,1
LF:30
LH:18
BRDA:51,0,0,0
BRDA:51,0,1,0
BRDA:75,1,0,90
BRDA:75,1,1,30
BRDA:97,2,0,0
BRDA:97,2,1,6
BRDA:113,3,0,6
BRDA:113,3,1,114
BRDA:114,4,0,120
BRDA:114,4,1,30
BRDA:117,5,0,6
BRDA:117,5,1,114
BRDA:129,6,0,0
BRDA:129,6,1,6
BRDA:130,7,0,6
BRDA:130,7,1,0
BRF:16
BRH:11
end_of_record
TN:
SF:src/components/Button.tsx
FN:27,Button
FNF:1
FNH:1
FNDA:15,Button
DA:37,15
DA:39,15
DA:69,1
LF:3
LH:3
BRDA:30,0,0,11
BRDA:31,1,0,12
BRDA:32,2,0,13
BRDA:33,3,0,14
BRDA:37,4,0,15
BRDA:37,4,1,14
BRDA:47,5,0,15
BRDA:47,5,1,3
BRDA:55,6,0,2
BRDA:55,6,1,13
BRDA:57,7,0,2
BRDA:57,7,1,0
BRDA:57,8,0,2
BRDA:57,8,1,0
BRF:14
BRH:12
end_of_record
TN:
SF:src/components/Card.tsx
FN:11,Card
FNF:1
FNH:1
FNDA:339,Card
DA:12,339
DA:19,5
LF:2
LH:2
BRF:0
BRH:0
end_of_record
TN:
SF:src/components/FlashMessage.tsx
FN:28,FlashMessage
FN:36,(anonymous_1)
FN:44,(anonymous_2)
FN:49,(anonymous_3)
FN:51,(anonymous_4)
FNF:5
FNH:5
FNDA:4,FlashMessage
FNDA:4,(anonymous_1)
FNDA:1,(anonymous_2)
FNDA:1,(anonymous_3)
FNDA:4,(anonymous_4)
DA:16,1
DA:22,1
DA:34,4
DA:36,4
DA:37,4
DA:43,4
DA:44,4
DA:45,1
DA:49,1
DA:51,4
DA:55,4
DA:57,4
DA:65,1
LF:13
LH:13
BRDA:30,0,0,2
BRDA:31,1,0,3
BRDA:43,2,0,4
BRDA:43,2,1,0
BRF:4
BRH:3
end_of_record
TN:
SF:src/components/HeatmapGrid.tsx
FN:18,heatColor
FN:27,buildHeatmap
FN:39,buildTimeLabels
FN:53,HeatmapGrid
FN:56,(anonymous_4)
FN:58,(anonymous_5)
FN:60,(anonymous_6)
FN:76,(anonymous_7)
FN:87,(anonymous_8)
FN:97,(anonymous_9)
FN:107,(anonymous_10)
FN:125,(anonymous_11)
FNF:12
FNH:11
FNDA:625,heatColor
FNDA:12,buildHeatmap
FNDA:12,buildTimeLabels
FNDA:25,HeatmapGrid
FNDA:50,(anonymous_4)
FNDA:12,(anonymous_5)
FNDA:12,(anonymous_6)
FNDA:125,(anonymous_7)
FNDA:25,(anonymous_8)
FNDA:500,(anonymous_9)
FNDA:0,(anonymous_10)
FNDA:125,(anonymous_11)
DA:19,625
DA:20,125
DA:21,100
DA:22,50
DA:23,25
DA:28,12
DA:29,12
DA:30,24
DA:31,12
DA:32,12
DA:35,12
DA:40,12
DA:41,12
DA:42,240
DA:43,60
DA:46,12
DA:49,1
DA:50,1
DA:51,1
DA:54,25
DA:55,25
DA:56,50
DA:58,25
DA:59,25
DA:60,12
DA:64,25
DA:66,25
DA:77,125
DA:88,25
DA:98,500
DA:99,500
DA:100,500
DA:101,500
DA:102,500
DA:104,500
DA:107,0
DA:126,125
DA:137,1
LF:38
LH:37
BRDA:19,0,0,500
BRDA:19,0,1,125
BRDA:20,1,0,25
BRDA:20,1,1,100
BRDA:21,2,0,50
BRDA:21,2,1,50
BRDA:22,3,0,25
BRDA:22,3,1,25
BRDA:32,4,0,12
BRDA:32,4,1,12
BRDA:42,5,0,60
BRDA:42,5,1,180
BRDA:56,6,0,50
BRDA:56,6,1,25
BRDA:92,7,0,0
BRDA:92,7,1,25
BRDA:99,8,0,500
BRDA:99,8,1,475
BRDA:100,9,0,500
BRDA:100,9,1,0
BRDA:111,10,0,500
BRDA:111,10,1,125
BRF:22
BRH:20
end_of_record
TN:
SF:src/components/LoadingScreen.tsx
FN:9,LoadingScreen
FNF:1
FNH:1
FNDA:3,LoadingScreen
DA:10,3
DA:18,1
LF:2
LH:2
BRDA:13,0,0,1
BRDA:13,0,1,2
BRF:2
BRH:2
end_of_record
TN:
SF:src/components/MeetingCard.tsx
FN:13,MeetingCard
FNF:1
FNH:1
FNDA:11,MeetingCard
DA:14,11
DA:16,11
DA:20,11
DA:21,11
DA:22,11
DA:24,11
DA:79,2
LF:7
LH:7
BRDA:16,0,0,11
BRDA:16,0,1,0
BRDA:21,1,0,11
BRDA:21,1,1,0
BRDA:22,2,0,7
BRDA:22,2,1,4
BRDA:29,3,0,1
BRDA:29,3,1,10
BRDA:31,4,0,1
BRDA:31,4,1,10
BRDA:33,5,0,1
BRDA:33,5,1,10
BRDA:35,6,0,1
BRDA:35,6,1,10
BRDA:36,7,0,1
BRDA:36,7,1,10
BRDA:50,8,0,7
BRDA:50,8,1,4
BRDA:55,9,0,11
BRDA:55,9,1,10
BRDA:66,10,0,11
BRDA:66,10,1,1
BRDA:66,10,2,1
BRF:23
BRH:21
end_of_record
TN:
SF:src/context/AuthContext.tsx
FN:22,AuthProvider
FN:26,(anonymous_1)
FN:41,(anonymous_2)
FN:42,(anonymous_3)
FN:56,(anonymous_4)
FN:65,(anonymous_5)
FN:81,useAuth
FNF:7
FNH:7
FNDA:50,AuthProvider
FNDA:5,(anonymous_1)
FNDA:17,(anonymous_2)
FNDA:17,(anonymous_3)
FNDA:4,(anonymous_4)
FNDA:2,(anonymous_5)
FNDA:52,useAuth
DA:20,3
DA:23,50
DA:24,50
DA:26,50
DA:27,5
DA:28,5
DA:29,4
DA:34,1
DA:41,50
DA:42,17
DA:43,17
DA:44,17
DA:45,17
DA:46,15
DA:49,2
DA:51,17
DA:56,50
DA:57,4
DA:58,4
DA:62,4
DA:65,50
DA:66,2
DA:69,50
DA:78,50
DA:82,52
DA:83,52
DA:84,2
DA:86,50
LF:28
LH:28
BRDA:83,0,0,2
BRDA:83,0,1,50
BRF:2
BRH:2
end_of_record
TN:
SF:src/hooks/useDeepLinkHandler.ts
FN:17,useDeepLinkHandler
FN:20,(anonymous_1)
FN:22,(anonymous_2)
FN:27,(anonymous_3)
FN:31,(anonymous_4)
FN:35,handleUrl
FNF:6
FNH:6
FNDA:7,useDeepLinkHandler
FNDA:7,(anonymous_1)
FNDA:3,(anonymous_2)
FNDA:7,(anonymous_3)
FNDA:7,(anonymous_4)
FNDA:4,handleUrl
DA:18,7
DA:20,7
DA:22,7
DA:23,3
DA:27,7
DA:28,7
DA:31,7
DA:37,4
DA:38,2
LF:9
LH:9
BRDA:28,0,0,1
BRDA:28,0,1,6
BRDA:37,1,0,2
BRDA:37,1,1,2
BRF:4
BRH:4
end_of_record
TN:
SF:src/hooks/useFlash.ts
FN:16,useFlash
FN:19,(anonymous_1)
FN:23,(anonymous_2)
FNF:3
FNH:3
FNDA:136,useFlash
FNDA:17,(anonymous_1)
FNDA:1,(anonymous_2)
DA:17,136
DA:19,134
DA:20,17
DA:23,134
DA:24,1
DA:27,134
LF:6
LH:6
BRDA:19,0,0,1
BRF:1
BRH:1
end_of_record
TN:
SF:src/hooks/useMeeting.ts
FN:12,useMeeting
FN:17,(anonymous_1)
FN:31,(anonymous_2)
FNF:3
FNH:3
FNDA:7,useMeeting
FNDA:3,(anonymous_1)
FNDA:3,(anonymous_2)
DA:13,7
DA:14,7
DA:15,7
DA:17,7
DA:18,3
DA:19,2
DA:20,2
DA:21,2
DA:22,2
DA:23,1
DA:25,1
DA:27,2
DA:31,7
DA:32,3
DA:35,7
LF:15
LH:15
BRDA:18,0,0,1
BRDA:18,0,1,2
BRDA:25,1,0,1
BRDA:25,1,1,0
BRF:4
BRH:3
end_of_record
TN:
SF:src/hooks/useMeetings.ts
FN:12,useMeetings
FN:17,(anonymous_1)
FN:30,(anonymous_2)
FNF:3
FNH:3
FNDA:12,useMeetings
FNDA:4,(anonymous_1)
FNDA:3,(anonymous_2)
DA:13,12
DA:14,12
DA:15,12
DA:17,12
DA:18,4
DA:19,4
DA:20,4
DA:21,4
DA:22,3
DA:24,1
DA:26,4
DA:30,12
DA:31,3
DA:34,12
LF:14
LH:14
BRDA:24,0,0,1
BRDA:24,0,1,0
BRF:2
BRH:1
end_of_record
TN:
SF:src/navigation/RootNavigator.tsx
FN:12,RootNavigator
FN:17,(anonymous_1)
FNF:2
FNH:0
FNDA:0,RootNavigator
FNDA:0,(anonymous_1)
DA:13,0
DA:14,0
DA:15,0
DA:17,0
DA:18,0
DA:20,0
DA:22,0
DA:23,0
DA:24,0
DA:25,0
DA:29,0
DA:30,0
DA:37,0
DA:45,0
LF:14
LH:0
BRDA:18,0,0,0
BRDA:18,0,1,0
BRDA:22,1,0,0
BRDA:22,1,1,0
BRDA:22,2,0,0
BRDA:22,2,1,0
BRDA:24,3,0,0
BRDA:24,3,1,0
BRDA:24,4,0,0
BRDA:24,4,1,0
BRDA:29,5,0,0
BRDA:29,5,1,0
BRF:12
BRH:0
end_of_record
